[2024-04-18 18:50:31,700: WARNING/MainProcess] /home/ec2-user/blip_venv/lib64/python3.9/site-packages/celery/worker/consumer/consumer.py:508: CPendingDeprecationWarning: The broker_connection_retry configuration setting will no longer determine
whether broker connection retries are made during startup in Celery 6.0 and above.
If you wish to retain the existing behavior for retrying connections on startup,
you should set broker_connection_retry_on_startup to True.
  warnings.warn(

[2024-04-18 18:50:31,710: INFO/MainProcess] Connected to redis://localhost:6379/0
[2024-04-18 18:50:31,711: WARNING/MainProcess] /home/ec2-user/blip_venv/lib64/python3.9/site-packages/celery/worker/consumer/consumer.py:508: CPendingDeprecationWarning: The broker_connection_retry configuration setting will no longer determine
whether broker connection retries are made during startup in Celery 6.0 and above.
If you wish to retain the existing behavior for retrying connections on startup,
you should set broker_connection_retry_on_startup to True.
  warnings.warn(

[2024-04-18 18:50:31,714: INFO/MainProcess] mingle: searching for neighbors
[2024-04-18 18:50:32,724: INFO/MainProcess] mingle: all alone
[2024-04-18 18:50:32,753: INFO/MainProcess] celery@ip-10-0-15-46.eu-west-2.compute.internal ready.
[2024-04-18 19:00:29,244: WARNING/MainProcess] /home/ec2-user/blip_venv/lib64/python3.9/site-packages/celery/worker/consumer/consumer.py:508: CPendingDeprecationWarning: The broker_connection_retry configuration setting will no longer determine
whether broker connection retries are made during startup in Celery 6.0 and above.
If you wish to retain the existing behavior for retrying connections on startup,
you should set broker_connection_retry_on_startup to True.
  warnings.warn(

[2024-04-18 19:00:29,253: INFO/MainProcess] Connected to redis://localhost:6379/0
[2024-04-18 19:00:29,254: WARNING/MainProcess] /home/ec2-user/blip_venv/lib64/python3.9/site-packages/celery/worker/consumer/consumer.py:508: CPendingDeprecationWarning: The broker_connection_retry configuration setting will no longer determine
whether broker connection retries are made during startup in Celery 6.0 and above.
If you wish to retain the existing behavior for retrying connections on startup,
you should set broker_connection_retry_on_startup to True.
  warnings.warn(

[2024-04-18 19:00:29,256: INFO/MainProcess] mingle: searching for neighbors
[2024-04-18 19:00:30,267: INFO/MainProcess] mingle: all alone
[2024-04-18 19:00:30,285: INFO/MainProcess] celery@ip-10-0-15-46.eu-west-2.compute.internal ready.
[2024-04-18 19:01:02,156: INFO/MainProcess] Task tasks.add[36a22392-cab2-43b1-a26d-43cb42888434] received
[2024-04-18 19:01:02,173: INFO/ForkPoolWorker-1] Task tasks.add[36a22392-cab2-43b1-a26d-43cb42888434] succeeded in 0.014477571472525597s: 32
[2024-04-18 19:01:02,178: INFO/MainProcess] Task tasks.add[818a4dcf-ea08-401e-ac62-237b9ffeb494] received
[2024-04-18 19:01:02,183: INFO/ForkPoolWorker-1] Task tasks.add[818a4dcf-ea08-401e-ac62-237b9ffeb494] succeeded in 0.004683799110352993s: 143
[2024-04-18 19:01:02,185: INFO/MainProcess] Task tasks.add[12a7e6ca-6002-4b14-9523-6a7531a18d3d] received
[2024-04-18 19:01:02,189: INFO/ForkPoolWorker-1] Task tasks.add[12a7e6ca-6002-4b14-9523-6a7531a18d3d] succeeded in 0.0032379059121012688s: 281
[2024-04-18 19:01:02,190: INFO/MainProcess] Task tasks.add[8c4a5a4e-95e7-48d2-b559-5af2671a5013] received
[2024-04-18 19:01:02,193: INFO/ForkPoolWorker-1] Task tasks.add[8c4a5a4e-95e7-48d2-b559-5af2671a5013] succeeded in 0.0011392980813980103s: 309
[2024-04-18 19:01:02,196: INFO/MainProcess] Task tasks.add[26414678-8b1c-4aee-a5d2-68b835566d98] received
[2024-04-18 19:01:02,198: INFO/ForkPoolWorker-1] Task tasks.add[26414678-8b1c-4aee-a5d2-68b835566d98] succeeded in 0.0012515783309936523s: 368
[2024-04-18 19:01:02,202: INFO/MainProcess] Task tasks.add[efbc935f-ae87-4851-8cca-d1dcb22466f0] received
[2024-04-18 19:01:02,205: INFO/ForkPoolWorker-1] Task tasks.add[efbc935f-ae87-4851-8cca-d1dcb22466f0] succeeded in 0.0012158052995800972s: 445
[2024-04-18 19:01:02,207: INFO/MainProcess] Task tasks.add[ac91b882-2e43-4ed8-9c93-f31a49846ca3] received
[2024-04-18 19:01:02,209: INFO/ForkPoolWorker-1] Task tasks.add[ac91b882-2e43-4ed8-9c93-f31a49846ca3] succeeded in 0.001021629199385643s: 542
[2024-04-18 19:01:02,213: ERROR/MainProcess] Received unregistered task of type 'tasks.divide'.
The message has been ignored and discarded.

Did you remember to import the module containing this task?
Or maybe you're using relative imports?

Please see
https://docs.celeryq.dev/en/latest/internals/protocol.html
for more information.

The full contents of the message body was:
b'[[542, 7], {}, {"callbacks": null, "errbacks": null, "chain": null, "chord": null}]' (83b)

The full contents of the message headers:
{'lang': 'py', 'task': 'tasks.divide', 'id': '7b1680b7-1861-4ccf-9fa3-d9dd29b470e5', 'shadow': None, 'eta': None, 'expires': None, 'group': None, 'group_index': None, 'retries': 0, 'timelimit': [None, None], 'root_id': '7b1680b7-1861-4ccf-9fa3-d9dd29b470e5', 'parent_id': None, 'argsrepr': '(542, 7)', 'kwargsrepr': '{}', 'origin': 'gen1012858@ip-10-0-15-46.eu-west-2.compute.internal', 'ignore_result': False, 'replaced_task_nesting': 0, 'stamped_headers': None, 'stamps': {}}

The delivery info for this task is:
{'exchange': '', 'routing_key': 'celery'}
Traceback (most recent call last):
  File "/home/ec2-user/blip_venv/lib64/python3.9/site-packages/celery/worker/consumer/consumer.py", line 659, in on_task_received
    strategy = strategies[type_]
KeyError: 'tasks.divide'
[2024-04-18 19:02:15,950: INFO/MainProcess] Task tasks.add[80c830ca-7f72-46d6-8f5c-13de8cf789f0] received
[2024-04-18 19:02:15,953: INFO/ForkPoolWorker-1] Task tasks.add[80c830ca-7f72-46d6-8f5c-13de8cf789f0] succeeded in 0.0011936025694012642s: 32
[2024-04-18 19:02:15,956: INFO/MainProcess] Task tasks.add[368d8247-76c6-4da1-a0bd-f76826ef86fa] received
[2024-04-18 19:02:15,958: INFO/ForkPoolWorker-1] Task tasks.add[368d8247-76c6-4da1-a0bd-f76826ef86fa] succeeded in 0.001478002406656742s: 143
[2024-04-18 19:02:15,961: INFO/MainProcess] Task tasks.add[af4ed307-9bb0-4689-998e-70bb172a4bd9] received
[2024-04-18 19:02:15,963: INFO/ForkPoolWorker-1] Task tasks.add[af4ed307-9bb0-4689-998e-70bb172a4bd9] succeeded in 0.00103750079870224s: 281
[2024-04-18 19:02:15,966: INFO/MainProcess] Task tasks.add[1204994b-a52c-45c0-b9ad-ab9fe3c047be] received
[2024-04-18 19:02:15,970: INFO/ForkPoolWorker-1] Task tasks.add[1204994b-a52c-45c0-b9ad-ab9fe3c047be] succeeded in 0.001612495630979538s: 309
[2024-04-18 19:02:15,973: INFO/MainProcess] Task tasks.add[14ebaaef-21b7-403b-9da6-ba5b58f9e27b] received
[2024-04-18 19:02:15,977: INFO/ForkPoolWorker-1] Task tasks.add[14ebaaef-21b7-403b-9da6-ba5b58f9e27b] succeeded in 0.002028397284448147s: 368
[2024-04-18 19:02:15,986: INFO/MainProcess] Task tasks.add[dc2acba7-97d6-496c-bb93-4d6fa910fd93] received
[2024-04-18 19:02:15,989: INFO/ForkPoolWorker-1] Task tasks.add[dc2acba7-97d6-496c-bb93-4d6fa910fd93] succeeded in 0.002042940817773342s: 445
[2024-04-18 19:02:16,000: INFO/MainProcess] Task tasks.add[60854e5b-2474-49e5-8482-ea94d213c6a1] received
[2024-04-18 19:02:16,005: INFO/ForkPoolWorker-1] Task tasks.add[60854e5b-2474-49e5-8482-ea94d213c6a1] succeeded in 0.0014995886012911797s: 542
[2024-04-18 19:02:16,009: ERROR/MainProcess] Received unregistered task of type 'tasks.divide'.
The message has been ignored and discarded.

Did you remember to import the module containing this task?
Or maybe you're using relative imports?

Please see
https://docs.celeryq.dev/en/latest/internals/protocol.html
for more information.

The full contents of the message body was:
b'[[542, 7], {}, {"callbacks": null, "errbacks": null, "chain": null, "chord": null}]' (83b)

The full contents of the message headers:
{'lang': 'py', 'task': 'tasks.divide', 'id': 'af942413-43b3-41f3-a1d1-d60ec030fe95', 'shadow': None, 'eta': None, 'expires': None, 'group': None, 'group_index': None, 'retries': 0, 'timelimit': [None, None], 'root_id': 'af942413-43b3-41f3-a1d1-d60ec030fe95', 'parent_id': None, 'argsrepr': '(542, 7)', 'kwargsrepr': '{}', 'origin': 'gen1013005@ip-10-0-15-46.eu-west-2.compute.internal', 'ignore_result': False, 'replaced_task_nesting': 0, 'stamped_headers': None, 'stamps': {}}

The delivery info for this task is:
{'exchange': '', 'routing_key': 'celery'}
Traceback (most recent call last):
  File "/home/ec2-user/blip_venv/lib64/python3.9/site-packages/celery/worker/consumer/consumer.py", line 659, in on_task_received
    strategy = strategies[type_]
KeyError: 'tasks.divide'
[2024-04-18 19:04:46,427: WARNING/MainProcess] /home/ec2-user/blip_venv/lib64/python3.9/site-packages/celery/worker/consumer/consumer.py:508: CPendingDeprecationWarning: The broker_connection_retry configuration setting will no longer determine
whether broker connection retries are made during startup in Celery 6.0 and above.
If you wish to retain the existing behavior for retrying connections on startup,
you should set broker_connection_retry_on_startup to True.
  warnings.warn(

[2024-04-18 19:04:46,437: INFO/MainProcess] Connected to redis://localhost:6379/0
[2024-04-18 19:04:46,438: WARNING/MainProcess] /home/ec2-user/blip_venv/lib64/python3.9/site-packages/celery/worker/consumer/consumer.py:508: CPendingDeprecationWarning: The broker_connection_retry configuration setting will no longer determine
whether broker connection retries are made during startup in Celery 6.0 and above.
If you wish to retain the existing behavior for retrying connections on startup,
you should set broker_connection_retry_on_startup to True.
  warnings.warn(

[2024-04-18 19:04:46,441: INFO/MainProcess] mingle: searching for neighbors
[2024-04-18 19:04:47,454: INFO/MainProcess] mingle: all alone
[2024-04-18 19:04:47,486: INFO/MainProcess] celery@ip-10-0-15-46.eu-west-2.compute.internal ready.
[2024-04-18 19:04:47,493: INFO/MainProcess] Task tasks.add[4f8e5560-6a53-4bc0-9e21-5df285393c75] received
[2024-04-18 19:04:47,507: INFO/ForkPoolWorker-1] Task tasks.add[4f8e5560-6a53-4bc0-9e21-5df285393c75] succeeded in 0.01165037602186203s: 32
[2024-04-18 19:04:47,510: INFO/MainProcess] Task tasks.add[bf9738a9-fd6d-465b-839b-415a9cf96392] received
[2024-04-18 19:04:47,513: INFO/ForkPoolWorker-1] Task tasks.add[bf9738a9-fd6d-465b-839b-415a9cf96392] succeeded in 0.0018986016511917114s: 143
[2024-04-18 19:04:47,516: INFO/MainProcess] Task tasks.add[c1fffe88-5341-42c3-8c6e-29efad6d8b02] received
[2024-04-18 19:04:47,518: INFO/ForkPoolWorker-1] Task tasks.add[c1fffe88-5341-42c3-8c6e-29efad6d8b02] succeeded in 0.0010877996683120728s: 281
[2024-04-18 19:04:47,520: INFO/MainProcess] Task tasks.add[b7efe8c7-4698-43fd-870d-a002a248be2f] received
[2024-04-18 19:04:47,522: INFO/ForkPoolWorker-1] Task tasks.add[b7efe8c7-4698-43fd-870d-a002a248be2f] succeeded in 0.0008620014414191246s: 309
[2024-04-18 19:04:47,525: INFO/MainProcess] Task tasks.add[e072b427-ecaf-4e3d-aec3-4737fb9a314b] received
[2024-04-18 19:04:47,530: INFO/ForkPoolWorker-1] Task tasks.add[e072b427-ecaf-4e3d-aec3-4737fb9a314b] succeeded in 0.003204790875315666s: 368
[2024-04-18 19:04:47,534: INFO/MainProcess] Task tasks.add[8f20f08c-dd12-4cf4-bad0-95ac653aa3b8] received
[2024-04-18 19:04:47,539: INFO/ForkPoolWorker-1] Task tasks.add[8f20f08c-dd12-4cf4-bad0-95ac653aa3b8] succeeded in 0.001224800944328308s: 445
[2024-04-18 19:04:47,542: INFO/MainProcess] Task tasks.add[4e668364-04a8-4aa0-9a4f-05adf045e49e] received
[2024-04-18 19:04:47,545: INFO/ForkPoolWorker-1] Task tasks.add[4e668364-04a8-4aa0-9a4f-05adf045e49e] succeeded in 0.0015812134370207787s: 542
[2024-04-18 19:04:47,548: INFO/MainProcess] Task tasks.divide[faca949d-f1e8-44db-ad0d-6169b6f2e110] received
[2024-04-18 19:04:47,550: INFO/ForkPoolWorker-1] Task tasks.divide[faca949d-f1e8-44db-ad0d-6169b6f2e110] succeeded in 0.0009743599221110344s: 77.42857142857143
[2024-04-18 19:04:47,553: INFO/MainProcess] Task tasks.subtract[7d88b5d8-01fc-4228-9963-6717e498098f] received
[2024-04-18 19:04:47,555: INFO/ForkPoolWorker-1] Task tasks.subtract[7d88b5d8-01fc-4228-9963-6717e498098f] succeeded in 0.0010486729443073273s: -45.42857142857143
[2024-04-18 19:04:47,558: INFO/MainProcess] Task tasks.subtract[2535d04e-ecea-4021-8f6e-7c609a224ef8] received
[2024-04-18 19:04:47,559: INFO/ForkPoolWorker-1] Task tasks.subtract[2535d04e-ecea-4021-8f6e-7c609a224ef8] succeeded in 0.0010685715824365616s: 33.57142857142857
[2024-04-18 19:04:47,561: INFO/MainProcess] Task tasks.subtract[98250e8e-caf5-48ed-9703-64284948f4d2] received
[2024-04-18 19:04:47,563: INFO/ForkPoolWorker-1] Task tasks.subtract[98250e8e-caf5-48ed-9703-64284948f4d2] succeeded in 0.000937202014029026s: 60.57142857142857
[2024-04-18 19:04:47,566: INFO/MainProcess] Task tasks.subtract[3d7f1767-be4c-4e59-8780-4d9586eafcde] received
[2024-04-18 19:04:47,567: INFO/ForkPoolWorker-1] Task tasks.subtract[3d7f1767-be4c-4e59-8780-4d9586eafcde] succeeded in 0.001038968563079834s: -49.42857142857143
[2024-04-18 19:04:47,570: INFO/MainProcess] Task tasks.subtract[9f1e1650-8bff-4c9c-a976-d6e4f74197d9] received
[2024-04-18 19:04:47,571: INFO/ForkPoolWorker-1] Task tasks.subtract[9f1e1650-8bff-4c9c-a976-d6e4f74197d9] succeeded in 0.0008847126737236977s: -18.42857142857143
[2024-04-18 19:04:47,573: INFO/MainProcess] Task tasks.subtract[93a8e346-113a-4f71-b45f-b2f5d5e9dd21] received
[2024-04-18 19:04:47,576: INFO/ForkPoolWorker-1] Task tasks.subtract[93a8e346-113a-4f71-b45f-b2f5d5e9dd21] succeeded in 0.00128887128084898s: -0.4285714285714306
[2024-04-18 19:04:47,578: INFO/MainProcess] Task tasks.subtract[7ce350ad-e7cf-4627-8b2f-81d7abdb1dfb] received
[2024-04-18 19:04:47,580: INFO/ForkPoolWorker-1] Task tasks.subtract[7ce350ad-e7cf-4627-8b2f-81d7abdb1dfb] succeeded in 0.0008849790319800377s: 19.57142857142857
[2024-04-18 19:04:47,582: INFO/MainProcess] Task tasks.power[48f92694-8b18-495f-a427-92bbf2e7abc3] received
[2024-04-18 19:04:47,584: INFO/ForkPoolWorker-1] Task tasks.power[48f92694-8b18-495f-a427-92bbf2e7abc3] succeeded in 0.0010797949507832527s: [2063.7551020408164]
[2024-04-18 19:04:47,588: INFO/MainProcess] Task tasks.power[4553b3d7-f66f-4cdb-a1d6-71cc6008e803] received
[2024-04-18 19:04:47,589: INFO/ForkPoolWorker-1] Task tasks.power[4553b3d7-f66f-4cdb-a1d6-71cc6008e803] succeeded in 0.0009021218866109848s: [1127.0408163265304]
[2024-04-18 19:04:47,592: INFO/MainProcess] Task tasks.power[fc98b80d-5860-4cb1-b5f3-1f80f1ad9779] received
[2024-04-18 19:04:47,593: INFO/ForkPoolWorker-1] Task tasks.power[fc98b80d-5860-4cb1-b5f3-1f80f1ad9779] succeeded in 0.0008389502763748169s: [3668.8979591836733]
[2024-04-18 19:04:47,595: INFO/MainProcess] Task tasks.power[055e7053-b417-4b6f-8534-337901a00946] received
[2024-04-18 19:04:47,597: INFO/ForkPoolWorker-1] Task tasks.power[055e7053-b417-4b6f-8534-337901a00946] succeeded in 0.0008421279489994049s: [2443.183673469388]
[2024-04-18 19:04:47,599: INFO/MainProcess] Task tasks.power[ac9f572d-25cd-4332-ad29-f5826bd2b3e7] received
[2024-04-18 19:04:47,601: INFO/ForkPoolWorker-1] Task tasks.power[ac9f572d-25cd-4332-ad29-f5826bd2b3e7] succeeded in 0.0009478293359279633s: [339.6122448979593]
[2024-04-18 19:04:47,603: INFO/MainProcess] Task tasks.power[e2979e75-49d0-4103-a9e5-c4ccf0fce3cf] received
[2024-04-18 19:04:47,605: INFO/ForkPoolWorker-1] Task tasks.power[e2979e75-49d0-4103-a9e5-c4ccf0fce3cf] succeeded in 0.0009826375171542168s: [0.18367346938775683]
[2024-04-18 19:04:47,607: INFO/MainProcess] Task tasks.power[aaeec15a-ddff-483e-9926-49e3c29c2764] received
[2024-04-18 19:04:47,609: INFO/ForkPoolWorker-1] Task tasks.power[aaeec15a-ddff-483e-9926-49e3c29c2764] succeeded in 0.0009008515626192093s: [383.04081632653055]
[2024-04-18 19:04:47,612: INFO/MainProcess] Task tasks.add[2af4ab2b-ab99-4468-aa1f-11989678033c] received
[2024-04-18 19:04:47,614: ERROR/ForkPoolWorker-1] Task tasks.add[2af4ab2b-ab99-4468-aa1f-11989678033c] raised unexpected: TypeError("unsupported operand type(s) for +: 'int' and 'list'")
Traceback (most recent call last):
  File "/home/ec2-user/blip_venv/lib64/python3.9/site-packages/celery/app/trace.py", line 453, in trace_task
    R = retval = fun(*args, **kwargs)
  File "/home/ec2-user/blip_venv/lib64/python3.9/site-packages/celery/app/trace.py", line 736, in __protected_call__
    return self.run(*args, **kwargs)
  File "/home/ec2-user/COMP0239-CW/redis/tasks.py", line 8, in add
    return x + y
TypeError: unsupported operand type(s) for +: 'int' and 'list'
[2024-04-18 19:05:19,070: INFO/MainProcess] Task tasks.add[57c7034c-ff15-46f7-8853-cd481d184531] received
[2024-04-18 19:05:19,072: INFO/ForkPoolWorker-1] Task tasks.add[57c7034c-ff15-46f7-8853-cd481d184531] succeeded in 0.0010102959349751472s: 32
[2024-04-18 19:05:19,076: INFO/MainProcess] Task tasks.add[68cbdaf8-42e1-4091-8a91-604ea1b46493] received
[2024-04-18 19:05:19,078: INFO/ForkPoolWorker-1] Task tasks.add[68cbdaf8-42e1-4091-8a91-604ea1b46493] succeeded in 0.0009106537327170372s: 143
[2024-04-18 19:05:19,082: INFO/MainProcess] Task tasks.add[56a65c5c-35af-4cf6-b2e5-54f70ef7b380] received
[2024-04-18 19:05:19,084: INFO/ForkPoolWorker-1] Task tasks.add[56a65c5c-35af-4cf6-b2e5-54f70ef7b380] succeeded in 0.000864226371049881s: 281
[2024-04-18 19:05:19,086: INFO/MainProcess] Task tasks.add[c57dde91-2a47-40f8-bc3d-8bd5f4b67106] received
[2024-04-18 19:05:19,088: INFO/ForkPoolWorker-1] Task tasks.add[c57dde91-2a47-40f8-bc3d-8bd5f4b67106] succeeded in 0.0008120844140648842s: 309
[2024-04-18 19:05:19,090: INFO/MainProcess] Task tasks.add[de7215df-88b4-4d0b-894b-76eb3d90d9b5] received
[2024-04-18 19:05:19,092: INFO/ForkPoolWorker-1] Task tasks.add[de7215df-88b4-4d0b-894b-76eb3d90d9b5] succeeded in 0.0007926411926746368s: 368
[2024-04-18 19:05:19,094: INFO/MainProcess] Task tasks.add[8754c6af-bd7a-4ffa-b8df-24a41b522bab] received
[2024-04-18 19:05:19,096: INFO/ForkPoolWorker-1] Task tasks.add[8754c6af-bd7a-4ffa-b8df-24a41b522bab] succeeded in 0.0008783647790551186s: 445
[2024-04-18 19:05:19,098: INFO/MainProcess] Task tasks.add[90231799-89da-4f31-a2dc-b9e48dafc40c] received
[2024-04-18 19:05:19,099: INFO/ForkPoolWorker-1] Task tasks.add[90231799-89da-4f31-a2dc-b9e48dafc40c] succeeded in 0.0007524313405156136s: 542
[2024-04-18 19:05:26,486: INFO/MainProcess] Task tasks.add[ed86a053-cc14-4eec-b944-652936dea0dd] received
[2024-04-18 19:05:26,491: INFO/ForkPoolWorker-1] Task tasks.add[ed86a053-cc14-4eec-b944-652936dea0dd] succeeded in 0.0033702999353408813s: 32
[2024-04-18 19:05:26,501: INFO/MainProcess] Task tasks.add[1ab952f1-ba58-459d-b9c8-a8f518e74e01] received
[2024-04-18 19:05:26,503: INFO/ForkPoolWorker-1] Task tasks.add[1ab952f1-ba58-459d-b9c8-a8f518e74e01] succeeded in 0.0010869121178984642s: 143
[2024-04-18 19:05:26,506: INFO/MainProcess] Task tasks.add[66316d1b-f1ed-4cab-b140-ecb668cbbe0f] received
[2024-04-18 19:05:26,508: INFO/ForkPoolWorker-1] Task tasks.add[66316d1b-f1ed-4cab-b140-ecb668cbbe0f] succeeded in 0.0008102934807538986s: 281
[2024-04-18 19:05:26,511: INFO/MainProcess] Task tasks.add[8852070b-6810-40a1-aac0-0d5deef5b9f6] received
[2024-04-18 19:05:26,513: INFO/ForkPoolWorker-1] Task tasks.add[8852070b-6810-40a1-aac0-0d5deef5b9f6] succeeded in 0.0010541677474975586s: 309
[2024-04-18 19:05:26,515: INFO/MainProcess] Task tasks.add[9132a220-e804-40b5-9e29-61a151fb44bf] received
[2024-04-18 19:05:26,517: INFO/ForkPoolWorker-1] Task tasks.add[9132a220-e804-40b5-9e29-61a151fb44bf] succeeded in 0.0009553991258144379s: 368
[2024-04-18 19:05:26,519: INFO/MainProcess] Task tasks.add[37a06bda-0192-43da-99c5-425756dcec45] received
[2024-04-18 19:05:26,522: INFO/ForkPoolWorker-1] Task tasks.add[37a06bda-0192-43da-99c5-425756dcec45] succeeded in 0.0016781128942966461s: 445
[2024-04-18 19:05:26,525: INFO/MainProcess] Task tasks.add[02909dfc-3513-464d-886c-9052888ba248] received
[2024-04-18 19:05:26,527: INFO/ForkPoolWorker-1] Task tasks.add[02909dfc-3513-464d-886c-9052888ba248] succeeded in 0.0013319691643118858s: 542
[2024-04-18 19:05:26,532: INFO/MainProcess] Task tasks.divide[263160d7-2364-40c5-86ea-9c9481fb0573] received
[2024-04-18 19:05:26,536: INFO/ForkPoolWorker-1] Task tasks.divide[263160d7-2364-40c5-86ea-9c9481fb0573] succeeded in 0.0026489002630114555s: 77.42857142857143
[2024-04-18 19:05:34,588: INFO/MainProcess] Task tasks.add[2ba12d55-d439-450d-92e3-44cba9dd9238] received
[2024-04-18 19:05:34,591: INFO/ForkPoolWorker-1] Task tasks.add[2ba12d55-d439-450d-92e3-44cba9dd9238] succeeded in 0.0015278151258826256s: 32
[2024-04-18 19:05:34,595: INFO/MainProcess] Task tasks.add[3a2d15dd-f9a5-40e9-9e1b-9a86bd5a7a1b] received
[2024-04-18 19:05:34,598: INFO/ForkPoolWorker-1] Task tasks.add[3a2d15dd-f9a5-40e9-9e1b-9a86bd5a7a1b] succeeded in 0.001377750188112259s: 143
[2024-04-18 19:05:34,607: INFO/MainProcess] Task tasks.add[40ddfe00-9c82-4804-a34d-29264ca670b5] received
[2024-04-18 19:05:34,611: INFO/ForkPoolWorker-1] Task tasks.add[40ddfe00-9c82-4804-a34d-29264ca670b5] succeeded in 0.0015554176643490791s: 281
[2024-04-18 19:05:34,619: INFO/MainProcess] Task tasks.add[7d7ae2d1-6249-4aa9-9976-edd5e60592e3] received
[2024-04-18 19:05:34,624: INFO/ForkPoolWorker-1] Task tasks.add[7d7ae2d1-6249-4aa9-9976-edd5e60592e3] succeeded in 0.002887886017560959s: 309
[2024-04-18 19:05:34,631: INFO/MainProcess] Task tasks.add[f644c5c2-912d-4714-8a1f-c6cd716787f2] received
[2024-04-18 19:05:34,634: INFO/ForkPoolWorker-1] Task tasks.add[f644c5c2-912d-4714-8a1f-c6cd716787f2] succeeded in 0.00165540911257267s: 368
[2024-04-18 19:05:34,636: INFO/MainProcess] Task tasks.add[3beb7ab0-cb0d-4940-9739-ce8c43a80650] received
[2024-04-18 19:05:34,638: INFO/ForkPoolWorker-1] Task tasks.add[3beb7ab0-cb0d-4940-9739-ce8c43a80650] succeeded in 0.0009572478011250496s: 445
[2024-04-18 19:05:34,642: INFO/MainProcess] Task tasks.add[2ca8a768-c0fc-49c0-bade-18e899c4bfd2] received
[2024-04-18 19:05:34,644: INFO/ForkPoolWorker-1] Task tasks.add[2ca8a768-c0fc-49c0-bade-18e899c4bfd2] succeeded in 0.0013020429760217667s: 542
[2024-04-18 19:05:34,648: INFO/MainProcess] Task tasks.divide[4ebc8cdd-eae9-44fa-9e26-1fd816535d0d] received
[2024-04-18 19:05:34,651: INFO/ForkPoolWorker-1] Task tasks.divide[4ebc8cdd-eae9-44fa-9e26-1fd816535d0d] succeeded in 0.0014172466471791267s: 77.42857142857143
[2024-04-18 19:05:34,654: INFO/MainProcess] Task tasks.subtract[356226cc-c85a-40f0-82fe-30d45b6e4d16] received
[2024-04-18 19:05:34,655: INFO/ForkPoolWorker-1] Task tasks.subtract[356226cc-c85a-40f0-82fe-30d45b6e4d16] succeeded in 0.00077056884765625s: -45.42857142857143
[2024-04-18 19:05:34,658: INFO/MainProcess] Task tasks.subtract[d35bc2f3-097f-478c-9a9f-1acf8a4cccc7] received
[2024-04-18 19:05:34,659: INFO/ForkPoolWorker-1] Task tasks.subtract[d35bc2f3-097f-478c-9a9f-1acf8a4cccc7] succeeded in 0.0008907318115234375s: 33.57142857142857
[2024-04-18 19:05:34,662: INFO/MainProcess] Task tasks.subtract[91dc4835-3ded-4e6b-bd8d-006e196771bd] received
[2024-04-18 19:05:34,664: INFO/ForkPoolWorker-1] Task tasks.subtract[91dc4835-3ded-4e6b-bd8d-006e196771bd] succeeded in 0.0007377453148365021s: 60.57142857142857
[2024-04-18 19:05:34,666: INFO/MainProcess] Task tasks.subtract[4ae699ad-9fb3-4eb8-95c0-c884ffd98a47] received
[2024-04-18 19:05:34,668: INFO/ForkPoolWorker-1] Task tasks.subtract[4ae699ad-9fb3-4eb8-95c0-c884ffd98a47] succeeded in 0.0008050603792071342s: -49.42857142857143
[2024-04-18 19:05:34,670: INFO/MainProcess] Task tasks.subtract[bd3111b4-c297-4b35-8acf-2c46c7f9e22d] received
[2024-04-18 19:05:34,672: INFO/ForkPoolWorker-1] Task tasks.subtract[bd3111b4-c297-4b35-8acf-2c46c7f9e22d] succeeded in 0.0013768961653113365s: -18.42857142857143
[2024-04-18 19:05:34,675: INFO/MainProcess] Task tasks.subtract[53321fb6-4e08-45f0-8d8d-2fc29093c60a] received
[2024-04-18 19:05:34,677: INFO/ForkPoolWorker-1] Task tasks.subtract[53321fb6-4e08-45f0-8d8d-2fc29093c60a] succeeded in 0.0009287092834711075s: -0.4285714285714306
[2024-04-18 19:05:34,683: INFO/MainProcess] Task tasks.subtract[5f916dd9-4d62-4324-8c6f-a9182999212a] received
[2024-04-18 19:05:34,692: INFO/ForkPoolWorker-1] Task tasks.subtract[5f916dd9-4d62-4324-8c6f-a9182999212a] succeeded in 0.00811885017901659s: 19.57142857142857
[2024-04-18 19:06:08,303: INFO/MainProcess] Task tasks.add[66ae7539-8793-4bd7-b919-d16a3ce89dd2] received
[2024-04-18 19:06:08,305: INFO/ForkPoolWorker-1] Task tasks.add[66ae7539-8793-4bd7-b919-d16a3ce89dd2] succeeded in 0.0010299161076545715s: 32
[2024-04-18 19:06:08,309: INFO/MainProcess] Task tasks.add[386ebcd0-78b7-4104-be3a-0ba0607de869] received
[2024-04-18 19:06:08,313: INFO/ForkPoolWorker-1] Task tasks.add[386ebcd0-78b7-4104-be3a-0ba0607de869] succeeded in 0.002468007616698742s: 143
[2024-04-18 19:06:08,323: INFO/MainProcess] Task tasks.add[1bcb6013-f44e-43a8-8007-bd8ccd6fd8fc] received
[2024-04-18 19:06:08,328: INFO/ForkPoolWorker-1] Task tasks.add[1bcb6013-f44e-43a8-8007-bd8ccd6fd8fc] succeeded in 0.0030187200754880905s: 281
[2024-04-18 19:06:08,335: INFO/MainProcess] Task tasks.add[7ce42de4-8e69-4391-8545-25e6cda3dfa5] received
[2024-04-18 19:06:08,337: INFO/ForkPoolWorker-1] Task tasks.add[7ce42de4-8e69-4391-8545-25e6cda3dfa5] succeeded in 0.0015323953703045845s: 309
[2024-04-18 19:06:08,346: INFO/MainProcess] Task tasks.add[60a02454-dd49-4556-98dd-9c9f77ec2669] received
[2024-04-18 19:06:08,348: INFO/ForkPoolWorker-1] Task tasks.add[60a02454-dd49-4556-98dd-9c9f77ec2669] succeeded in 0.000964864157140255s: 368
[2024-04-18 19:06:08,351: INFO/MainProcess] Task tasks.add[63e7516c-88e4-41a2-8b9e-175f63a6518c] received
[2024-04-18 19:06:08,353: INFO/ForkPoolWorker-1] Task tasks.add[63e7516c-88e4-41a2-8b9e-175f63a6518c] succeeded in 0.0010557407513260841s: 445
[2024-04-18 19:06:08,357: INFO/MainProcess] Task tasks.add[83b5ec23-d797-4a45-b75e-3c7ddbb9c09e] received
[2024-04-18 19:06:08,360: INFO/ForkPoolWorker-1] Task tasks.add[83b5ec23-d797-4a45-b75e-3c7ddbb9c09e] succeeded in 0.002380642108619213s: 542
[2024-04-18 19:06:08,364: INFO/MainProcess] Task tasks.divide[4fe8eeef-6285-46bb-9b58-2ca35ada8184] received
[2024-04-18 19:06:08,366: INFO/ForkPoolWorker-1] Task tasks.divide[4fe8eeef-6285-46bb-9b58-2ca35ada8184] succeeded in 0.0017933715134859085s: 77.42857142857143
[2024-04-18 19:06:08,371: INFO/MainProcess] Task tasks.subtract[4a8f7f2a-012d-4743-a94b-473e63eb4ee7] received
[2024-04-18 19:06:08,373: INFO/ForkPoolWorker-1] Task tasks.subtract[4a8f7f2a-012d-4743-a94b-473e63eb4ee7] succeeded in 0.0009090835228562355s: -45.42857142857143
[2024-04-18 19:06:08,376: INFO/MainProcess] Task tasks.subtract[420ddc29-4192-4712-8546-7857304f6058] received
[2024-04-18 19:06:08,379: INFO/ForkPoolWorker-1] Task tasks.subtract[420ddc29-4192-4712-8546-7857304f6058] succeeded in 0.00148011464625597s: 33.57142857142857
[2024-04-18 19:06:08,391: INFO/MainProcess] Task tasks.subtract[116111a7-2320-44e6-80af-158f4ad6728a] received
[2024-04-18 19:06:08,399: INFO/ForkPoolWorker-1] Task tasks.subtract[116111a7-2320-44e6-80af-158f4ad6728a] succeeded in 0.002030791714787483s: 60.57142857142857
[2024-04-18 19:06:08,405: INFO/MainProcess] Task tasks.subtract[11a41b08-0453-4831-beac-90a34a13d987] received
[2024-04-18 19:06:08,407: INFO/ForkPoolWorker-1] Task tasks.subtract[11a41b08-0453-4831-beac-90a34a13d987] succeeded in 0.0010167406871914864s: -49.42857142857143
[2024-04-18 19:06:08,411: INFO/MainProcess] Task tasks.subtract[5b3e098b-961b-4bcd-b949-6f98fced6011] received
[2024-04-18 19:06:08,414: INFO/ForkPoolWorker-1] Task tasks.subtract[5b3e098b-961b-4bcd-b949-6f98fced6011] succeeded in 0.0013203592970967293s: -18.42857142857143
[2024-04-18 19:06:08,417: INFO/MainProcess] Task tasks.subtract[aab67b3c-f02a-4f6f-831a-86f506e8231a] received
[2024-04-18 19:06:08,419: INFO/ForkPoolWorker-1] Task tasks.subtract[aab67b3c-f02a-4f6f-831a-86f506e8231a] succeeded in 0.0010476727038621902s: -0.4285714285714306
[2024-04-18 19:06:08,426: INFO/MainProcess] Task tasks.subtract[4f17b896-f7f1-495f-98ad-f5f90135fdda] received
[2024-04-18 19:06:08,429: INFO/ForkPoolWorker-1] Task tasks.subtract[4f17b896-f7f1-495f-98ad-f5f90135fdda] succeeded in 0.0018179602921009064s: 19.57142857142857
[2024-04-18 19:06:08,434: INFO/MainProcess] Task tasks.power[5c62122b-aee7-49ba-b741-e159f2f79020] received
[2024-04-18 19:06:08,437: INFO/ForkPoolWorker-1] Task tasks.power[5c62122b-aee7-49ba-b741-e159f2f79020] succeeded in 0.0014816997572779655s: [2063.7551020408164]
[2024-04-18 19:06:08,443: INFO/MainProcess] Task tasks.power[0e84de03-ffd0-4520-914e-c3fe3c3a04a7] received
[2024-04-18 19:06:08,446: INFO/ForkPoolWorker-1] Task tasks.power[0e84de03-ffd0-4520-914e-c3fe3c3a04a7] succeeded in 0.0023051733151078224s: [1127.0408163265304]
[2024-04-18 19:06:08,448: INFO/MainProcess] Task tasks.power[0dfb91fd-8233-4867-b679-69c46acd68d2] received
[2024-04-18 19:06:08,451: INFO/ForkPoolWorker-1] Task tasks.power[0dfb91fd-8233-4867-b679-69c46acd68d2] succeeded in 0.002061796374619007s: [3668.8979591836733]
[2024-04-18 19:06:08,455: INFO/MainProcess] Task tasks.power[5b61449f-da76-42c6-9fe7-fbdc7802c44d] received
[2024-04-18 19:06:08,458: INFO/ForkPoolWorker-1] Task tasks.power[5b61449f-da76-42c6-9fe7-fbdc7802c44d] succeeded in 0.0010371524840593338s: [2443.183673469388]
[2024-04-18 19:06:08,461: INFO/MainProcess] Task tasks.power[5ad71003-9dd8-4d2d-bbb3-71aaa9f92adc] received
[2024-04-18 19:06:08,462: INFO/ForkPoolWorker-1] Task tasks.power[5ad71003-9dd8-4d2d-bbb3-71aaa9f92adc] succeeded in 0.0010035373270511627s: [339.6122448979593]
[2024-04-18 19:06:08,466: INFO/MainProcess] Task tasks.power[35b5144e-eb56-4a7a-9016-a6be154a8d01] received
[2024-04-18 19:06:08,468: INFO/ForkPoolWorker-1] Task tasks.power[35b5144e-eb56-4a7a-9016-a6be154a8d01] succeeded in 0.0009423159062862396s: [0.18367346938775683]
[2024-04-18 19:06:08,470: INFO/MainProcess] Task tasks.power[df0a229a-98d7-4aa6-a34e-9f18f3a89728] received
[2024-04-18 19:06:08,472: INFO/ForkPoolWorker-1] Task tasks.power[df0a229a-98d7-4aa6-a34e-9f18f3a89728] succeeded in 0.0010312506929039955s: [383.04081632653055]
[2024-04-18 19:06:15,708: INFO/MainProcess] Task tasks.add[98a41824-012d-44f7-9812-a40782f2f2a2] received
[2024-04-18 19:06:15,710: INFO/ForkPoolWorker-1] Task tasks.add[98a41824-012d-44f7-9812-a40782f2f2a2] succeeded in 0.0010349415242671967s: 32
[2024-04-18 19:06:15,714: INFO/MainProcess] Task tasks.add[b3db38b4-5ba5-492c-8434-975eb96bd453] received
[2024-04-18 19:06:15,716: INFO/ForkPoolWorker-1] Task tasks.add[b3db38b4-5ba5-492c-8434-975eb96bd453] succeeded in 0.0012778230011463165s: 143
[2024-04-18 19:06:15,720: INFO/MainProcess] Task tasks.add[f793c35f-9754-412b-b1db-ab2aaf31cd90] received
[2024-04-18 19:06:15,722: INFO/ForkPoolWorker-1] Task tasks.add[f793c35f-9754-412b-b1db-ab2aaf31cd90] succeeded in 0.0010621724650263786s: 281
[2024-04-18 19:06:15,726: INFO/MainProcess] Task tasks.add[0ba3872c-51db-48f2-85b0-cd2c35ed5ad4] received
[2024-04-18 19:06:15,729: INFO/ForkPoolWorker-1] Task tasks.add[0ba3872c-51db-48f2-85b0-cd2c35ed5ad4] succeeded in 0.0015177857130765915s: 309
[2024-04-18 19:06:15,733: INFO/MainProcess] Task tasks.add[b3202bfe-e7d6-4f8d-8b3e-1f096e61981f] received
[2024-04-18 19:06:15,734: INFO/ForkPoolWorker-1] Task tasks.add[b3202bfe-e7d6-4f8d-8b3e-1f096e61981f] succeeded in 0.0009188288822770119s: 368
[2024-04-18 19:06:15,738: INFO/MainProcess] Task tasks.add[f4096e28-c41b-48fc-bb89-b7ce239a6ff4] received
[2024-04-18 19:06:15,743: INFO/ForkPoolWorker-1] Task tasks.add[f4096e28-c41b-48fc-bb89-b7ce239a6ff4] succeeded in 0.003130631521344185s: 445
[2024-04-18 19:06:15,748: INFO/MainProcess] Task tasks.add[943bd0c8-74df-4fcb-989e-89bee566c8ab] received
[2024-04-18 19:06:15,751: INFO/ForkPoolWorker-1] Task tasks.add[943bd0c8-74df-4fcb-989e-89bee566c8ab] succeeded in 0.0010212380439043045s: 542
[2024-04-18 19:06:15,754: INFO/MainProcess] Task tasks.divide[5ce4e0e8-13b6-45d6-adef-634a53d83ea2] received
[2024-04-18 19:06:15,757: INFO/ForkPoolWorker-1] Task tasks.divide[5ce4e0e8-13b6-45d6-adef-634a53d83ea2] succeeded in 0.0010858522728085518s: 77.42857142857143
[2024-04-18 19:06:15,760: INFO/MainProcess] Task tasks.subtract[0722d3ab-b41c-420e-bdd8-5d668cf69903] received
[2024-04-18 19:06:15,762: INFO/ForkPoolWorker-1] Task tasks.subtract[0722d3ab-b41c-420e-bdd8-5d668cf69903] succeeded in 0.001115557737648487s: -45.42857142857143
[2024-04-18 19:06:15,767: INFO/MainProcess] Task tasks.subtract[9074ec6f-9c89-4a0b-9dd7-3f6abc023892] received
[2024-04-18 19:06:15,771: INFO/ForkPoolWorker-1] Task tasks.subtract[9074ec6f-9c89-4a0b-9dd7-3f6abc023892] succeeded in 0.002520485781133175s: 33.57142857142857
[2024-04-18 19:06:15,778: INFO/MainProcess] Task tasks.subtract[5c5aea38-d499-4360-966f-b1c54a8c6055] received
[2024-04-18 19:06:15,784: INFO/ForkPoolWorker-1] Task tasks.subtract[5c5aea38-d499-4360-966f-b1c54a8c6055] succeeded in 0.003403719514608383s: 60.57142857142857
[2024-04-18 19:06:15,789: INFO/MainProcess] Task tasks.subtract[fe1e2310-4006-4da2-ab61-74bd14ba7f7e] received
[2024-04-18 19:06:15,792: INFO/ForkPoolWorker-1] Task tasks.subtract[fe1e2310-4006-4da2-ab61-74bd14ba7f7e] succeeded in 0.0013271905481815338s: -49.42857142857143
[2024-04-18 19:06:15,795: INFO/MainProcess] Task tasks.subtract[c7f9f251-b167-44cc-91ca-30a63b040b5b] received
[2024-04-18 19:06:15,798: INFO/ForkPoolWorker-1] Task tasks.subtract[c7f9f251-b167-44cc-91ca-30a63b040b5b] succeeded in 0.0016440702602267265s: -18.42857142857143
[2024-04-18 19:06:15,803: INFO/MainProcess] Task tasks.subtract[7dadaac1-f9b8-49da-aa89-c75f329f9056] received
[2024-04-18 19:06:15,805: INFO/ForkPoolWorker-1] Task tasks.subtract[7dadaac1-f9b8-49da-aa89-c75f329f9056] succeeded in 0.00104506965726614s: -0.4285714285714306
[2024-04-18 19:06:15,809: INFO/MainProcess] Task tasks.subtract[1312ed6f-3f09-401d-9013-0c7bbf432998] received
[2024-04-18 19:06:15,811: INFO/ForkPoolWorker-1] Task tasks.subtract[1312ed6f-3f09-401d-9013-0c7bbf432998] succeeded in 0.001495501957833767s: 19.57142857142857
[2024-04-18 19:06:15,828: INFO/MainProcess] Task tasks.power[ef80ffa9-1a9d-4ef6-9848-0489640db187] received
[2024-04-18 19:06:15,834: INFO/ForkPoolWorker-1] Task tasks.power[ef80ffa9-1a9d-4ef6-9848-0489640db187] succeeded in 0.0018089031800627708s: [2063.7551020408164]
[2024-04-18 19:06:15,840: INFO/MainProcess] Task tasks.power[dcc1bf89-a3f3-4ac3-ae09-2b95370b7e79] received
[2024-04-18 19:06:15,843: INFO/ForkPoolWorker-1] Task tasks.power[dcc1bf89-a3f3-4ac3-ae09-2b95370b7e79] succeeded in 0.0024668490514159203s: [1127.0408163265304]
[2024-04-18 19:06:15,846: INFO/MainProcess] Task tasks.power[4d2262f9-1089-479b-a0ea-3456c27c9892] received
[2024-04-18 19:06:15,849: INFO/ForkPoolWorker-1] Task tasks.power[4d2262f9-1089-479b-a0ea-3456c27c9892] succeeded in 0.0008990718051791191s: [3668.8979591836733]
[2024-04-18 19:06:15,852: INFO/MainProcess] Task tasks.power[b3810421-d456-404e-afc6-a0b362d1bde5] received
[2024-04-18 19:06:15,855: INFO/ForkPoolWorker-1] Task tasks.power[b3810421-d456-404e-afc6-a0b362d1bde5] succeeded in 0.0020642466843128204s: [2443.183673469388]
[2024-04-18 19:06:15,858: INFO/MainProcess] Task tasks.power[ea7460fb-350c-41ba-8327-10b0ad4c126d] received
[2024-04-18 19:06:15,860: INFO/ForkPoolWorker-1] Task tasks.power[ea7460fb-350c-41ba-8327-10b0ad4c126d] succeeded in 0.0016586007550358772s: [339.6122448979593]
[2024-04-18 19:06:15,864: INFO/MainProcess] Task tasks.power[719edf47-b679-43bd-9cc6-7ad623fbfe28] received
[2024-04-18 19:06:15,866: INFO/ForkPoolWorker-1] Task tasks.power[719edf47-b679-43bd-9cc6-7ad623fbfe28] succeeded in 0.000978824682533741s: [0.18367346938775683]
[2024-04-18 19:06:15,868: INFO/MainProcess] Task tasks.power[8de45867-d0f2-4e98-8504-11bc54fcc0bb] received
[2024-04-18 19:06:15,871: INFO/ForkPoolWorker-1] Task tasks.power[8de45867-d0f2-4e98-8504-11bc54fcc0bb] succeeded in 0.0012268321588635445s: [383.04081632653055]
[2024-04-18 19:06:15,874: INFO/MainProcess] Task tasks.add[8b7f4201-b078-4a0d-aee7-760cf7f94b44] received
[2024-04-18 19:06:15,876: ERROR/ForkPoolWorker-1] Task tasks.add[8b7f4201-b078-4a0d-aee7-760cf7f94b44] raised unexpected: TypeError("unsupported operand type(s) for +: 'int' and 'list'")
Traceback (most recent call last):
  File "/home/ec2-user/blip_venv/lib64/python3.9/site-packages/celery/app/trace.py", line 453, in trace_task
    R = retval = fun(*args, **kwargs)
  File "/home/ec2-user/blip_venv/lib64/python3.9/site-packages/celery/app/trace.py", line 736, in __protected_call__
    return self.run(*args, **kwargs)
  File "/home/ec2-user/COMP0239-CW/redis/tasks.py", line 8, in add
    return x + y
TypeError: unsupported operand type(s) for +: 'int' and 'list'
[2024-04-18 19:12:01,172: INFO/MainProcess] Task tasks.add[777e6596-5ef7-4a29-a69e-5b34f94feadf] received
[2024-04-18 19:12:01,174: INFO/ForkPoolWorker-1] Task tasks.add[777e6596-5ef7-4a29-a69e-5b34f94feadf] succeeded in 0.0010663578286767006s: 32
[2024-04-18 19:12:01,178: INFO/MainProcess] Task tasks.add[62d50197-9ac5-4bb0-8c28-ac27fe380606] received
[2024-04-18 19:12:01,180: INFO/ForkPoolWorker-1] Task tasks.add[62d50197-9ac5-4bb0-8c28-ac27fe380606] succeeded in 0.001054396852850914s: 143
[2024-04-18 19:12:01,202: INFO/MainProcess] Task tasks.add[f2b48d95-a265-44d9-8c72-79ac28c17cf0] received
[2024-04-18 19:12:01,211: INFO/ForkPoolWorker-1] Task tasks.add[f2b48d95-a265-44d9-8c72-79ac28c17cf0] succeeded in 0.006237056106328964s: 281
[2024-04-18 19:12:01,218: INFO/MainProcess] Task tasks.add[ce1ad06f-b05c-426c-bbea-c06198149124] received
[2024-04-18 19:12:01,223: INFO/ForkPoolWorker-1] Task tasks.add[ce1ad06f-b05c-426c-bbea-c06198149124] succeeded in 0.0009908713400363922s: 309
[2024-04-18 19:12:01,238: INFO/MainProcess] Task tasks.add[d91a70c2-bdc0-4950-9cd9-a5f3655d7342] received
[2024-04-18 19:12:01,249: INFO/ForkPoolWorker-1] Task tasks.add[d91a70c2-bdc0-4950-9cd9-a5f3655d7342] succeeded in 0.008512284606695175s: 368
[2024-04-18 19:12:01,257: INFO/MainProcess] Task tasks.add[04643927-ebf5-475d-ad5c-3e8945662b04] received
[2024-04-18 19:12:01,264: INFO/ForkPoolWorker-1] Task tasks.add[04643927-ebf5-475d-ad5c-3e8945662b04] succeeded in 0.0038859033957123756s: 445
[2024-04-18 19:12:01,278: INFO/MainProcess] Task tasks.add[895be471-68f3-42f4-b72d-a90350728ab5] received
[2024-04-18 19:12:01,285: INFO/ForkPoolWorker-1] Task tasks.add[895be471-68f3-42f4-b72d-a90350728ab5] succeeded in 0.0038061635568737984s: 542
[2024-04-18 19:12:01,298: INFO/MainProcess] Task tasks.divide[07930cac-cd98-425a-ac56-e2076bf45f61] received
[2024-04-18 19:12:01,301: INFO/ForkPoolWorker-1] Task tasks.divide[07930cac-cd98-425a-ac56-e2076bf45f61] succeeded in 0.0011002514511346817s: 77.42857142857143
[2024-04-18 19:12:01,307: INFO/MainProcess] Task tasks.subtract[e2adb79d-4988-4972-8473-77add2003890] received
[2024-04-18 19:12:01,308: INFO/ForkPoolWorker-1] Task tasks.subtract[e2adb79d-4988-4972-8473-77add2003890] succeeded in 0.0009617218747735023s: -45.42857142857143
[2024-04-18 19:12:01,312: INFO/MainProcess] Task tasks.subtract[12a39de9-f958-44ca-965c-41ecdc8d79d8] received
[2024-04-18 19:12:01,314: INFO/ForkPoolWorker-1] Task tasks.subtract[12a39de9-f958-44ca-965c-41ecdc8d79d8] succeeded in 0.0008881362155079842s: 33.57142857142857
[2024-04-18 19:12:01,317: INFO/MainProcess] Task tasks.subtract[a82baa62-b6cc-4a5b-b9a5-0cdadf481333] received
[2024-04-18 19:12:01,319: INFO/ForkPoolWorker-1] Task tasks.subtract[a82baa62-b6cc-4a5b-b9a5-0cdadf481333] succeeded in 0.0010333191603422165s: 60.57142857142857
[2024-04-18 19:12:01,321: INFO/MainProcess] Task tasks.subtract[3c71c080-af96-4981-8530-0e1a672989e4] received
[2024-04-18 19:12:01,323: INFO/ForkPoolWorker-1] Task tasks.subtract[3c71c080-af96-4981-8530-0e1a672989e4] succeeded in 0.0009651491418480873s: -49.42857142857143
[2024-04-18 19:12:01,325: INFO/MainProcess] Task tasks.subtract[2fe80aaf-2350-4f44-8502-a81f3388849e] received
[2024-04-18 19:12:01,327: INFO/ForkPoolWorker-1] Task tasks.subtract[2fe80aaf-2350-4f44-8502-a81f3388849e] succeeded in 0.0009719831869006157s: -18.42857142857143
[2024-04-18 19:12:01,331: INFO/MainProcess] Task tasks.subtract[67bea6e7-b4c5-4757-ba7c-6ac62063435b] received
[2024-04-18 19:12:01,333: INFO/ForkPoolWorker-1] Task tasks.subtract[67bea6e7-b4c5-4757-ba7c-6ac62063435b] succeeded in 0.0010304870083928108s: -0.4285714285714306
[2024-04-18 19:12:01,335: INFO/MainProcess] Task tasks.subtract[492feeaa-45a6-49b2-9061-ee5a25205042] received
[2024-04-18 19:12:01,337: INFO/ForkPoolWorker-1] Task tasks.subtract[492feeaa-45a6-49b2-9061-ee5a25205042] succeeded in 0.001248522661626339s: 19.57142857142857
[2024-04-18 19:12:01,340: INFO/MainProcess] Task tasks.power[8d149092-0a7e-4bec-a166-698e685f642b] received
[2024-04-18 19:12:01,342: INFO/ForkPoolWorker-1] Task tasks.power[8d149092-0a7e-4bec-a166-698e685f642b] succeeded in 0.0009650159627199173s: [2063.7551020408164]
[2024-04-18 19:12:01,346: INFO/MainProcess] Task tasks.power[c881d9d9-a22b-4797-b835-280d077dd284] received
[2024-04-18 19:12:01,348: INFO/ForkPoolWorker-1] Task tasks.power[c881d9d9-a22b-4797-b835-280d077dd284] succeeded in 0.000971267931163311s: [1127.0408163265304]
[2024-04-18 19:12:01,351: INFO/MainProcess] Task tasks.power[60f30b41-c604-4589-8f0a-488f7977b6db] received
[2024-04-18 19:12:01,353: INFO/ForkPoolWorker-1] Task tasks.power[60f30b41-c604-4589-8f0a-488f7977b6db] succeeded in 0.0011827796697616577s: [3668.8979591836733]
[2024-04-18 19:12:01,355: INFO/MainProcess] Task tasks.power[def4510a-fe2d-4277-9589-d01d85060914] received
[2024-04-18 19:12:01,357: INFO/ForkPoolWorker-1] Task tasks.power[def4510a-fe2d-4277-9589-d01d85060914] succeeded in 0.001188601367175579s: [2443.183673469388]
[2024-04-18 19:12:01,360: INFO/MainProcess] Task tasks.power[5e750f27-e824-4527-9cb4-5fe0521a9dbf] received
[2024-04-18 19:12:01,362: INFO/ForkPoolWorker-1] Task tasks.power[5e750f27-e824-4527-9cb4-5fe0521a9dbf] succeeded in 0.0011469945311546326s: [339.6122448979593]
[2024-04-18 19:12:01,365: INFO/MainProcess] Task tasks.power[a70e8e40-54e5-4357-8a8c-9d0b0e3cee77] received
[2024-04-18 19:12:01,367: INFO/ForkPoolWorker-1] Task tasks.power[a70e8e40-54e5-4357-8a8c-9d0b0e3cee77] succeeded in 0.0010248413309454918s: [0.18367346938775683]
[2024-04-18 19:12:01,369: INFO/MainProcess] Task tasks.power[1ad93631-6cb7-4dac-8747-16e0dd228544] received
[2024-04-18 19:12:01,371: INFO/ForkPoolWorker-1] Task tasks.power[1ad93631-6cb7-4dac-8747-16e0dd228544] succeeded in 0.0010210126638412476s: [383.04081632653055]
[2024-04-18 19:12:01,373: INFO/MainProcess] Task tasks.add[4619a6cd-e9be-4132-acdf-4bed7f1b12a1] received
[2024-04-18 19:12:01,375: INFO/ForkPoolWorker-1] Task tasks.add[4619a6cd-e9be-4132-acdf-4bed7f1b12a1] succeeded in 0.0009012892842292786s: 2063.7551020408164
[2024-04-18 19:12:01,378: INFO/MainProcess] Task tasks.add[a188e816-7682-448b-952a-1fb8ee92f796] received
[2024-04-18 19:12:01,380: INFO/ForkPoolWorker-1] Task tasks.add[a188e816-7682-448b-952a-1fb8ee92f796] succeeded in 0.0009398683905601501s: 3190.7959183673465
[2024-04-18 19:12:01,384: INFO/MainProcess] Task tasks.add[cf735ac9-cc94-449f-b4b2-d47e81ee96ab] received
[2024-04-18 19:12:01,386: INFO/ForkPoolWorker-1] Task tasks.add[cf735ac9-cc94-449f-b4b2-d47e81ee96ab] succeeded in 0.0015607746317982674s: 6859.69387755102
[2024-04-18 19:12:01,389: INFO/MainProcess] Task tasks.add[3fd3a173-fdcc-4291-b817-5a5a9e543020] received
[2024-04-18 19:12:01,391: INFO/ForkPoolWorker-1] Task tasks.add[3fd3a173-fdcc-4291-b817-5a5a9e543020] succeeded in 0.0009485725313425064s: 9302.877551020407
[2024-04-18 19:12:01,394: INFO/MainProcess] Task tasks.add[b065b823-4449-4782-a55e-0351ea3180a3] received
[2024-04-18 19:12:01,395: INFO/ForkPoolWorker-1] Task tasks.add[b065b823-4449-4782-a55e-0351ea3180a3] succeeded in 0.0009199539199471474s: 9642.489795918365
[2024-04-18 19:12:01,398: INFO/MainProcess] Task tasks.add[e67b669f-c1e2-4e6c-b08a-28682c6cb309] received
[2024-04-18 19:12:01,400: INFO/ForkPoolWorker-1] Task tasks.add[e67b669f-c1e2-4e6c-b08a-28682c6cb309] succeeded in 0.000935685820877552s: 9642.673469387753
[2024-04-18 19:12:01,402: INFO/MainProcess] Task tasks.add[290fbfc3-9e88-450d-9038-914456cd66f2] received
[2024-04-18 19:12:01,404: INFO/ForkPoolWorker-1] Task tasks.add[290fbfc3-9e88-450d-9038-914456cd66f2] succeeded in 0.0009214542806148529s: 10025.714285714284
[2024-04-18 19:12:10,281: INFO/MainProcess] Task tasks.add[3c2a9eb9-c6d8-4d0c-8522-61fc168776b4] received
[2024-04-18 19:12:10,283: INFO/ForkPoolWorker-1] Task tasks.add[3c2a9eb9-c6d8-4d0c-8522-61fc168776b4] succeeded in 0.001654299907386303s: 32
[2024-04-18 19:12:10,288: INFO/MainProcess] Task tasks.add[acfd6d06-9a6e-44ac-8977-2f44a761a0e0] received
[2024-04-18 19:12:10,290: INFO/ForkPoolWorker-1] Task tasks.add[acfd6d06-9a6e-44ac-8977-2f44a761a0e0] succeeded in 0.00092330202460289s: 143
[2024-04-18 19:12:10,293: INFO/MainProcess] Task tasks.add[7719c833-e4d2-4e6e-9d59-8b2c6361932c] received
[2024-04-18 19:12:10,294: INFO/ForkPoolWorker-1] Task tasks.add[7719c833-e4d2-4e6e-9d59-8b2c6361932c] succeeded in 0.000843346118927002s: 281
[2024-04-18 19:12:10,297: INFO/MainProcess] Task tasks.add[2d920960-4534-408b-b45f-4314cc3d74e0] received
[2024-04-18 19:12:10,299: INFO/ForkPoolWorker-1] Task tasks.add[2d920960-4534-408b-b45f-4314cc3d74e0] succeeded in 0.0008898982778191566s: 309
[2024-04-18 19:12:10,302: INFO/MainProcess] Task tasks.add[18bc6a0e-c465-4063-a0a1-b6ab58bd6735] received
[2024-04-18 19:12:10,304: INFO/ForkPoolWorker-1] Task tasks.add[18bc6a0e-c465-4063-a0a1-b6ab58bd6735] succeeded in 0.0008961539715528488s: 368
[2024-04-18 19:12:10,307: INFO/MainProcess] Task tasks.add[406b67a5-6000-4fb6-9248-1e3091bdf4e3] received
[2024-04-18 19:12:10,309: INFO/ForkPoolWorker-1] Task tasks.add[406b67a5-6000-4fb6-9248-1e3091bdf4e3] succeeded in 0.0007665809243917465s: 445
[2024-04-18 19:12:10,311: INFO/MainProcess] Task tasks.add[05f95171-6e96-4dc5-9edb-3610fefeebca] received
[2024-04-18 19:12:10,313: INFO/ForkPoolWorker-1] Task tasks.add[05f95171-6e96-4dc5-9edb-3610fefeebca] succeeded in 0.000995519571006298s: 542
[2024-04-18 19:12:10,316: INFO/MainProcess] Task tasks.divide[46cba911-f38b-465c-8d1c-19338b59c891] received
[2024-04-18 19:12:10,317: INFO/ForkPoolWorker-1] Task tasks.divide[46cba911-f38b-465c-8d1c-19338b59c891] succeeded in 0.00098512414842844s: 77.42857142857143
[2024-04-18 19:12:10,321: INFO/MainProcess] Task tasks.subtract[fe81f16b-4df7-43dd-9a13-887d245311e9] received
[2024-04-18 19:12:10,323: INFO/ForkPoolWorker-1] Task tasks.subtract[fe81f16b-4df7-43dd-9a13-887d245311e9] succeeded in 0.0009612487629055977s: -45.42857142857143
[2024-04-18 19:12:10,326: INFO/MainProcess] Task tasks.subtract[65d37fe4-8006-4e56-9cd0-f2c2dcd00322] received
[2024-04-18 19:12:10,327: INFO/ForkPoolWorker-1] Task tasks.subtract[65d37fe4-8006-4e56-9cd0-f2c2dcd00322] succeeded in 0.0009494153782725334s: 33.57142857142857
[2024-04-18 19:12:10,330: INFO/MainProcess] Task tasks.subtract[4f1eac0e-3912-4fe7-9ce1-9d60b2269d03] received
[2024-04-18 19:12:10,331: INFO/ForkPoolWorker-1] Task tasks.subtract[4f1eac0e-3912-4fe7-9ce1-9d60b2269d03] succeeded in 0.0012894067913293839s: 60.57142857142857
[2024-04-18 19:12:10,334: INFO/MainProcess] Task tasks.subtract[0879e3c9-442b-4f7c-8b40-ea15f2f8f127] received
[2024-04-18 19:12:10,335: INFO/ForkPoolWorker-1] Task tasks.subtract[0879e3c9-442b-4f7c-8b40-ea15f2f8f127] succeeded in 0.0008716704323887825s: -49.42857142857143
[2024-04-18 19:12:10,338: INFO/MainProcess] Task tasks.subtract[56b89fd2-d816-4f34-a2c6-193a641cbe75] received
[2024-04-18 19:12:10,339: INFO/ForkPoolWorker-1] Task tasks.subtract[56b89fd2-d816-4f34-a2c6-193a641cbe75] succeeded in 0.001042417250573635s: -18.42857142857143
[2024-04-18 19:12:10,342: INFO/MainProcess] Task tasks.subtract[ec0f4e00-5b64-4a28-8516-c2572d6fa016] received
[2024-04-18 19:12:10,343: INFO/ForkPoolWorker-1] Task tasks.subtract[ec0f4e00-5b64-4a28-8516-c2572d6fa016] succeeded in 0.0007716789841651917s: -0.4285714285714306
[2024-04-18 19:12:10,348: INFO/MainProcess] Task tasks.subtract[6cf54ad4-480e-4a74-a855-863c49077a6b] received
[2024-04-18 19:12:10,354: INFO/ForkPoolWorker-1] Task tasks.subtract[6cf54ad4-480e-4a74-a855-863c49077a6b] succeeded in 0.0011162841692566872s: 19.57142857142857
[2024-04-18 19:12:10,358: INFO/MainProcess] Task tasks.power[ba4b553d-c2b5-426b-9737-10a661433e08] received
[2024-04-18 19:12:10,360: INFO/ForkPoolWorker-1] Task tasks.power[ba4b553d-c2b5-426b-9737-10a661433e08] succeeded in 0.001298057846724987s: [2063.7551020408164]
[2024-04-18 19:12:10,363: INFO/MainProcess] Task tasks.power[31afcbf9-2e52-4aa3-bc5a-13c2a6503942] received
[2024-04-18 19:12:10,365: INFO/ForkPoolWorker-1] Task tasks.power[31afcbf9-2e52-4aa3-bc5a-13c2a6503942] succeeded in 0.00099930539727211s: [1127.0408163265304]
[2024-04-18 19:12:10,367: INFO/MainProcess] Task tasks.power[1528a46d-9516-4d78-82ba-03ab23393e82] received
[2024-04-18 19:12:10,369: INFO/ForkPoolWorker-1] Task tasks.power[1528a46d-9516-4d78-82ba-03ab23393e82] succeeded in 0.0007301345467567444s: [3668.8979591836733]
[2024-04-18 19:12:10,371: INFO/MainProcess] Task tasks.power[b877d35f-ca8f-4e79-8e20-f052933cdb30] received
[2024-04-18 19:12:10,373: INFO/ForkPoolWorker-1] Task tasks.power[b877d35f-ca8f-4e79-8e20-f052933cdb30] succeeded in 0.0007569426670670509s: [2443.183673469388]
[2024-04-18 19:12:10,375: INFO/MainProcess] Task tasks.power[0ae66654-f0ab-4298-889e-9ddd8add97df] received
[2024-04-18 19:12:10,377: INFO/ForkPoolWorker-1] Task tasks.power[0ae66654-f0ab-4298-889e-9ddd8add97df] succeeded in 0.0009024273604154587s: [339.6122448979593]
[2024-04-18 19:12:10,379: INFO/MainProcess] Task tasks.power[da3adeb0-b0ce-4761-b79d-55dd42b7c329] received
[2024-04-18 19:12:10,382: INFO/ForkPoolWorker-1] Task tasks.power[da3adeb0-b0ce-4761-b79d-55dd42b7c329] succeeded in 0.0009357994422316551s: [0.18367346938775683]
[2024-04-18 19:12:10,385: INFO/MainProcess] Task tasks.power[e596c0a3-b094-45f5-be77-9a5a2a83b543] received
[2024-04-18 19:12:10,387: INFO/ForkPoolWorker-1] Task tasks.power[e596c0a3-b094-45f5-be77-9a5a2a83b543] succeeded in 0.0007964819669723511s: [383.04081632653055]
[2024-04-18 19:12:10,391: INFO/MainProcess] Task tasks.add[605bf7e6-53b0-42b5-9c72-0f0a810a43d8] received
[2024-04-18 19:12:10,392: INFO/ForkPoolWorker-1] Task tasks.add[605bf7e6-53b0-42b5-9c72-0f0a810a43d8] succeeded in 0.000792304053902626s: 2063.7551020408164
[2024-04-18 19:12:10,395: INFO/MainProcess] Task tasks.add[1ecded7e-b5bd-4aaa-9244-88cb37d30307] received
[2024-04-18 19:12:10,397: INFO/ForkPoolWorker-1] Task tasks.add[1ecded7e-b5bd-4aaa-9244-88cb37d30307] succeeded in 0.0009084315970540047s: 3190.7959183673465
[2024-04-18 19:12:10,399: INFO/MainProcess] Task tasks.add[434885d3-87c7-4255-b700-0fbaca91d91a] received
[2024-04-18 19:12:10,401: INFO/ForkPoolWorker-1] Task tasks.add[434885d3-87c7-4255-b700-0fbaca91d91a] succeeded in 0.0015394240617752075s: 6859.69387755102
[2024-04-18 19:12:10,404: INFO/MainProcess] Task tasks.add[f27a656e-0401-4105-a176-17bacc80729f] received
[2024-04-18 19:12:10,406: INFO/ForkPoolWorker-1] Task tasks.add[f27a656e-0401-4105-a176-17bacc80729f] succeeded in 0.0010099578648805618s: 9302.877551020407
[2024-04-18 19:12:10,409: INFO/MainProcess] Task tasks.add[fc5eff6c-1b83-4d20-a533-dcacb6eceb24] received
[2024-04-18 19:12:10,411: INFO/ForkPoolWorker-1] Task tasks.add[fc5eff6c-1b83-4d20-a533-dcacb6eceb24] succeeded in 0.0010887077078223228s: 9642.489795918365
[2024-04-18 19:12:10,415: INFO/MainProcess] Task tasks.add[799d88fd-6a3b-4069-9b54-c201079cb934] received
[2024-04-18 19:12:10,417: INFO/ForkPoolWorker-1] Task tasks.add[799d88fd-6a3b-4069-9b54-c201079cb934] succeeded in 0.0011407164856791496s: 9642.673469387753
[2024-04-18 19:12:10,420: INFO/MainProcess] Task tasks.add[095d9c87-7f0d-493a-b6a4-581bad7b541b] received
[2024-04-18 19:12:10,422: INFO/ForkPoolWorker-1] Task tasks.add[095d9c87-7f0d-493a-b6a4-581bad7b541b] succeeded in 0.0008880281820893288s: 10025.714285714284
[2024-04-18 19:12:18,498: INFO/MainProcess] Task tasks.add[0832628f-095f-4d0b-b16c-7d0663619266] received
[2024-04-18 19:12:18,501: INFO/ForkPoolWorker-1] Task tasks.add[0832628f-095f-4d0b-b16c-7d0663619266] succeeded in 0.0011553103104233742s: 32
[2024-04-18 19:12:18,505: INFO/MainProcess] Task tasks.add[3dd90c4e-7fb1-451d-8d09-efd5bb5e0097] received
[2024-04-18 19:12:18,507: INFO/ForkPoolWorker-1] Task tasks.add[3dd90c4e-7fb1-451d-8d09-efd5bb5e0097] succeeded in 0.0009829699993133545s: 143
[2024-04-18 19:12:18,510: INFO/MainProcess] Task tasks.add[363856aa-064d-4ffd-b1bb-1ff208f03345] received
[2024-04-18 19:12:18,512: INFO/ForkPoolWorker-1] Task tasks.add[363856aa-064d-4ffd-b1bb-1ff208f03345] succeeded in 0.0012213494628667831s: 281
[2024-04-18 19:12:18,515: INFO/MainProcess] Task tasks.add[6bc85f61-7e3a-489c-a299-7de111f20594] received
[2024-04-18 19:12:18,519: INFO/ForkPoolWorker-1] Task tasks.add[6bc85f61-7e3a-489c-a299-7de111f20594] succeeded in 0.001306089572608471s: 309
[2024-04-18 19:12:18,522: INFO/MainProcess] Task tasks.add[fa6caf68-df78-4f45-84c3-1d77f909a29c] received
[2024-04-18 19:12:18,524: INFO/ForkPoolWorker-1] Task tasks.add[fa6caf68-df78-4f45-84c3-1d77f909a29c] succeeded in 0.000934012234210968s: 368
[2024-04-18 19:12:18,527: INFO/MainProcess] Task tasks.add[56ee440c-a32d-48ab-8bbe-aad0e8cd1d6b] received
[2024-04-18 19:12:18,529: INFO/ForkPoolWorker-1] Task tasks.add[56ee440c-a32d-48ab-8bbe-aad0e8cd1d6b] succeeded in 0.0011491766199469566s: 445
[2024-04-18 19:12:18,532: INFO/MainProcess] Task tasks.add[5dd70b6e-be23-45d4-86c0-1dd11e7e2b1d] received
[2024-04-18 19:12:18,534: INFO/ForkPoolWorker-1] Task tasks.add[5dd70b6e-be23-45d4-86c0-1dd11e7e2b1d] succeeded in 0.0010298406705260277s: 542
[2024-04-18 19:12:18,537: INFO/MainProcess] Task tasks.divide[93a616ec-d9ef-4df3-aa73-ea1d9383205d] received
[2024-04-18 19:12:18,539: INFO/ForkPoolWorker-1] Task tasks.divide[93a616ec-d9ef-4df3-aa73-ea1d9383205d] succeeded in 0.0009703692048788071s: 77.42857142857143
[2024-04-18 19:12:18,544: INFO/MainProcess] Task tasks.subtract[69fc79c8-4f0e-4c12-97a0-81e5448e506a] received
[2024-04-18 19:12:18,546: INFO/ForkPoolWorker-1] Task tasks.subtract[69fc79c8-4f0e-4c12-97a0-81e5448e506a] succeeded in 0.0010557938367128372s: -45.42857142857143
[2024-04-18 19:12:18,550: INFO/MainProcess] Task tasks.subtract[fc96316e-e80c-4852-a465-e0c23276d7f7] received
[2024-04-18 19:12:18,552: INFO/ForkPoolWorker-1] Task tasks.subtract[fc96316e-e80c-4852-a465-e0c23276d7f7] succeeded in 0.0015142513439059258s: 33.57142857142857
[2024-04-18 19:12:18,555: INFO/MainProcess] Task tasks.subtract[50e0ef12-52f3-47ca-9c88-f96f59177157] received
[2024-04-18 19:12:18,557: INFO/ForkPoolWorker-1] Task tasks.subtract[50e0ef12-52f3-47ca-9c88-f96f59177157] succeeded in 0.000989445485174656s: 60.57142857142857
[2024-04-18 19:12:18,560: INFO/MainProcess] Task tasks.subtract[d17884dd-5cb3-49eb-9ec3-54eecb015914] received
[2024-04-18 19:12:18,562: INFO/ForkPoolWorker-1] Task tasks.subtract[d17884dd-5cb3-49eb-9ec3-54eecb015914] succeeded in 0.0013083573430776596s: -49.42857142857143
[2024-04-18 19:12:18,565: INFO/MainProcess] Task tasks.subtract[9c1cb41c-7819-4093-b691-a8a15b7f39b4] received
[2024-04-18 19:12:18,567: INFO/ForkPoolWorker-1] Task tasks.subtract[9c1cb41c-7819-4093-b691-a8a15b7f39b4] succeeded in 0.0009190617129206657s: -18.42857142857143
[2024-04-18 19:12:18,569: INFO/MainProcess] Task tasks.subtract[dcec5a8f-f8ce-430c-b32f-4c268c007d24] received
[2024-04-18 19:12:18,571: INFO/ForkPoolWorker-1] Task tasks.subtract[dcec5a8f-f8ce-430c-b32f-4c268c007d24] succeeded in 0.0009058928117156029s: -0.4285714285714306
[2024-04-18 19:12:18,575: INFO/MainProcess] Task tasks.subtract[b282f808-8622-4f27-b69a-a853fe2f63db] received
[2024-04-18 19:12:18,577: INFO/ForkPoolWorker-1] Task tasks.subtract[b282f808-8622-4f27-b69a-a853fe2f63db] succeeded in 0.000985570251941681s: 19.57142857142857
[2024-04-18 19:12:18,581: INFO/MainProcess] Task tasks.power[42a43770-c6dc-476d-8730-a4d275fa5a7a] received
[2024-04-18 19:12:18,584: INFO/ForkPoolWorker-1] Task tasks.power[42a43770-c6dc-476d-8730-a4d275fa5a7a] succeeded in 0.0022431910037994385s: [2063.7551020408164]
[2024-04-18 19:12:18,589: INFO/MainProcess] Task tasks.power[16686110-97bd-449e-8308-416ea59a386b] received
[2024-04-18 19:12:18,590: INFO/ForkPoolWorker-1] Task tasks.power[16686110-97bd-449e-8308-416ea59a386b] succeeded in 0.0010208282619714737s: [1127.0408163265304]
[2024-04-18 19:12:18,594: INFO/MainProcess] Task tasks.power[53eb34b1-013f-4b15-8c91-37c7a7214583] received
[2024-04-18 19:12:18,596: INFO/ForkPoolWorker-1] Task tasks.power[53eb34b1-013f-4b15-8c91-37c7a7214583] succeeded in 0.0009307442232966423s: [3668.8979591836733]
[2024-04-18 19:12:18,598: INFO/MainProcess] Task tasks.power[4bcc1d17-91bc-4dea-89c4-403cf45192c8] received
[2024-04-18 19:12:18,600: INFO/ForkPoolWorker-1] Task tasks.power[4bcc1d17-91bc-4dea-89c4-403cf45192c8] succeeded in 0.0007845517247915268s: [2443.183673469388]
[2024-04-18 19:12:18,603: INFO/MainProcess] Task tasks.power[0abab4e8-21b8-4d3c-9f98-08348a3c8bb6] received
[2024-04-18 19:12:18,605: INFO/ForkPoolWorker-1] Task tasks.power[0abab4e8-21b8-4d3c-9f98-08348a3c8bb6] succeeded in 0.000968332402408123s: [339.6122448979593]
[2024-04-18 19:12:18,607: INFO/MainProcess] Task tasks.power[a3d33d4b-86f4-47f6-8c6b-32d4490724c2] received
[2024-04-18 19:12:18,609: INFO/ForkPoolWorker-1] Task tasks.power[a3d33d4b-86f4-47f6-8c6b-32d4490724c2] succeeded in 0.0009911265224218369s: [0.18367346938775683]
[2024-04-18 19:12:18,612: INFO/MainProcess] Task tasks.power[4bd28e7b-17be-4b8f-a943-db74b920787a] received
[2024-04-18 19:12:18,615: INFO/ForkPoolWorker-1] Task tasks.power[4bd28e7b-17be-4b8f-a943-db74b920787a] succeeded in 0.0010216748341917992s: [383.04081632653055]
[2024-04-18 19:12:18,618: INFO/MainProcess] Task tasks.add[bd6c9d87-8ede-4922-8015-51294a6ef069] received
[2024-04-18 19:12:18,619: INFO/ForkPoolWorker-1] Task tasks.add[bd6c9d87-8ede-4922-8015-51294a6ef069] succeeded in 0.00080909114331007s: 2063.7551020408164
[2024-04-18 19:12:18,622: INFO/MainProcess] Task tasks.add[5f6e584b-4ab2-4077-94fb-8d918847348d] received
[2024-04-18 19:12:18,625: INFO/ForkPoolWorker-1] Task tasks.add[5f6e584b-4ab2-4077-94fb-8d918847348d] succeeded in 0.0013906415551900864s: 3190.7959183673465
[2024-04-18 19:12:18,627: INFO/MainProcess] Task tasks.add[daf00759-2311-4151-9226-ef35e5356ad4] received
[2024-04-18 19:12:18,629: INFO/ForkPoolWorker-1] Task tasks.add[daf00759-2311-4151-9226-ef35e5356ad4] succeeded in 0.0010813456028699875s: 6859.69387755102
[2024-04-18 19:12:18,632: INFO/MainProcess] Task tasks.add[1eccb080-6253-436e-a196-847c8e183126] received
[2024-04-18 19:12:18,634: INFO/ForkPoolWorker-1] Task tasks.add[1eccb080-6253-436e-a196-847c8e183126] succeeded in 0.0013240743428468704s: 9302.877551020407
[2024-04-18 19:12:18,637: INFO/MainProcess] Task tasks.add[92a2f396-7448-4682-bcad-034f1f100790] received
[2024-04-18 19:12:18,638: INFO/ForkPoolWorker-1] Task tasks.add[92a2f396-7448-4682-bcad-034f1f100790] succeeded in 0.0007083592936396599s: 9642.489795918365
[2024-04-18 19:12:18,640: INFO/MainProcess] Task tasks.add[de24bf0a-9fa5-4515-b714-dd75161c3f74] received
[2024-04-18 19:12:18,642: INFO/ForkPoolWorker-1] Task tasks.add[de24bf0a-9fa5-4515-b714-dd75161c3f74] succeeded in 0.0010916907340288162s: 9642.673469387753
[2024-04-18 19:12:18,647: INFO/MainProcess] Task tasks.add[fa27957f-760a-4687-85f8-1c3e77e45a73] received
[2024-04-18 19:12:18,649: INFO/ForkPoolWorker-1] Task tasks.add[fa27957f-760a-4687-85f8-1c3e77e45a73] succeeded in 0.0011253636330366135s: 10025.714285714284
[2024-04-18 19:12:18,652: INFO/MainProcess] Task tasks.divide[55bdc9bf-4317-4f32-bd0d-671148fcfc8f] received
[2024-04-18 19:12:18,653: INFO/ForkPoolWorker-1] Task tasks.divide[55bdc9bf-4317-4f32-bd0d-671148fcfc8f] succeeded in 0.0009078206494450569s: 1432.2448979591834
[2024-04-18 19:12:25,518: INFO/MainProcess] Task tasks.add[3246a97e-61b5-4f50-aa72-2a20a1ec3005] received
[2024-04-18 19:12:25,520: INFO/ForkPoolWorker-1] Task tasks.add[3246a97e-61b5-4f50-aa72-2a20a1ec3005] succeeded in 0.0012053744867444038s: 32
[2024-04-18 19:12:25,524: INFO/MainProcess] Task tasks.add[7c306fa8-3311-4a36-975c-e08e5eb64222] received
[2024-04-18 19:12:25,526: INFO/ForkPoolWorker-1] Task tasks.add[7c306fa8-3311-4a36-975c-e08e5eb64222] succeeded in 0.0011105071753263474s: 143
[2024-04-18 19:12:25,529: INFO/MainProcess] Task tasks.add[978c925e-3f3f-4554-9c6d-240da3ce0b21] received
[2024-04-18 19:12:25,531: INFO/ForkPoolWorker-1] Task tasks.add[978c925e-3f3f-4554-9c6d-240da3ce0b21] succeeded in 0.0008857548236846924s: 281
[2024-04-18 19:12:25,535: INFO/MainProcess] Task tasks.add[d90c0dcb-200a-4098-ad9c-a715586b3bcb] received
[2024-04-18 19:12:25,537: INFO/ForkPoolWorker-1] Task tasks.add[d90c0dcb-200a-4098-ad9c-a715586b3bcb] succeeded in 0.0013048630207777023s: 309
[2024-04-18 19:12:25,540: INFO/MainProcess] Task tasks.add[44da10ee-3687-4915-bf5d-45bbb66f6d0f] received
[2024-04-18 19:12:25,542: INFO/ForkPoolWorker-1] Task tasks.add[44da10ee-3687-4915-bf5d-45bbb66f6d0f] succeeded in 0.000943576917052269s: 368
[2024-04-18 19:12:25,546: INFO/MainProcess] Task tasks.add[a3cf9f4c-a415-4c1e-a59f-754ce0c6945b] received
[2024-04-18 19:12:25,548: INFO/ForkPoolWorker-1] Task tasks.add[a3cf9f4c-a415-4c1e-a59f-754ce0c6945b] succeeded in 0.0009546661749482155s: 445
[2024-04-18 19:12:25,550: INFO/MainProcess] Task tasks.add[8c660cb6-262a-4c04-888d-1148e648a35e] received
[2024-04-18 19:12:25,552: INFO/ForkPoolWorker-1] Task tasks.add[8c660cb6-262a-4c04-888d-1148e648a35e] succeeded in 0.0008291192352771759s: 542
[2024-04-18 19:12:25,555: INFO/MainProcess] Task tasks.divide[2ce8dc5c-e838-4b38-8639-dd7241aab268] received
[2024-04-18 19:12:25,557: INFO/ForkPoolWorker-1] Task tasks.divide[2ce8dc5c-e838-4b38-8639-dd7241aab268] succeeded in 0.0009977100417017937s: 77.42857142857143
[2024-04-18 19:12:25,562: INFO/MainProcess] Task tasks.subtract[8ec5cac2-ff86-49a2-ae91-571b5cb15511] received
[2024-04-18 19:12:25,563: INFO/ForkPoolWorker-1] Task tasks.subtract[8ec5cac2-ff86-49a2-ae91-571b5cb15511] succeeded in 0.0008661197498440742s: -45.42857142857143
[2024-04-18 19:12:25,566: INFO/MainProcess] Task tasks.subtract[2462c8d0-6132-4dd8-bc54-baec7c7c93bf] received
[2024-04-18 19:12:25,568: INFO/ForkPoolWorker-1] Task tasks.subtract[2462c8d0-6132-4dd8-bc54-baec7c7c93bf] succeeded in 0.0008912840858101845s: 33.57142857142857
[2024-04-18 19:12:25,570: INFO/MainProcess] Task tasks.subtract[de8ced4a-bf30-4da2-af03-3b1be85cf526] received
[2024-04-18 19:12:25,572: INFO/ForkPoolWorker-1] Task tasks.subtract[de8ced4a-bf30-4da2-af03-3b1be85cf526] succeeded in 0.0008853264153003693s: 60.57142857142857
[2024-04-18 19:12:25,575: INFO/MainProcess] Task tasks.subtract[ddf81334-0abe-4230-a563-a04acfe176fe] received
[2024-04-18 19:12:25,578: INFO/ForkPoolWorker-1] Task tasks.subtract[ddf81334-0abe-4230-a563-a04acfe176fe] succeeded in 0.0010019848123192787s: -49.42857142857143
[2024-04-18 19:12:25,580: INFO/MainProcess] Task tasks.subtract[cce171b1-ffa9-45fd-94e3-3ec12598fbc5] received
[2024-04-18 19:12:25,582: INFO/ForkPoolWorker-1] Task tasks.subtract[cce171b1-ffa9-45fd-94e3-3ec12598fbc5] succeeded in 0.0008487449958920479s: -18.42857142857143
[2024-04-18 19:12:25,585: INFO/MainProcess] Task tasks.subtract[fd0d129f-914a-4ec0-8201-1c864591a65a] received
[2024-04-18 19:12:25,587: INFO/ForkPoolWorker-1] Task tasks.subtract[fd0d129f-914a-4ec0-8201-1c864591a65a] succeeded in 0.0013958262279629707s: -0.4285714285714306
[2024-04-18 19:12:25,591: INFO/MainProcess] Task tasks.subtract[46e58b84-f6f3-416b-a912-95f454cd022d] received
[2024-04-18 19:12:25,593: INFO/ForkPoolWorker-1] Task tasks.subtract[46e58b84-f6f3-416b-a912-95f454cd022d] succeeded in 0.0010117162019014359s: 19.57142857142857
[2024-04-18 19:12:25,596: INFO/MainProcess] Task tasks.power[f563d06c-2008-45fb-8005-559b71903f48] received
[2024-04-18 19:12:25,598: INFO/ForkPoolWorker-1] Task tasks.power[f563d06c-2008-45fb-8005-559b71903f48] succeeded in 0.0010209139436483383s: [2063.7551020408164]
[2024-04-18 19:12:25,603: INFO/MainProcess] Task tasks.power[c7f29b47-6490-412b-a087-c34d19966a1c] received
[2024-04-18 19:12:25,604: INFO/ForkPoolWorker-1] Task tasks.power[c7f29b47-6490-412b-a087-c34d19966a1c] succeeded in 0.000939331017434597s: [1127.0408163265304]
[2024-04-18 19:12:25,607: INFO/MainProcess] Task tasks.power[e63d654a-3a27-4bc5-af30-49b9ecca98f6] received
[2024-04-18 19:12:25,610: INFO/ForkPoolWorker-1] Task tasks.power[e63d654a-3a27-4bc5-af30-49b9ecca98f6] succeeded in 0.0011345474049448967s: [3668.8979591836733]
[2024-04-18 19:12:25,613: INFO/MainProcess] Task tasks.power[536be618-2949-4e6a-aa5f-d0ac237b7c53] received
[2024-04-18 19:12:25,614: INFO/ForkPoolWorker-1] Task tasks.power[536be618-2949-4e6a-aa5f-d0ac237b7c53] succeeded in 0.001013866625726223s: [2443.183673469388]
[2024-04-18 19:12:25,621: INFO/MainProcess] Task tasks.power[29308247-e26c-41d7-8f53-a92e2a09bc82] received
[2024-04-18 19:12:25,627: INFO/ForkPoolWorker-1] Task tasks.power[29308247-e26c-41d7-8f53-a92e2a09bc82] succeeded in 0.004644698463380337s: [339.6122448979593]
[2024-04-18 19:12:25,631: INFO/MainProcess] Task tasks.power[207c42e5-97bf-44cd-9e5b-913875a9fc3a] received
[2024-04-18 19:12:25,633: INFO/ForkPoolWorker-1] Task tasks.power[207c42e5-97bf-44cd-9e5b-913875a9fc3a] succeeded in 0.0011466098949313164s: [0.18367346938775683]
[2024-04-18 19:12:25,635: INFO/MainProcess] Task tasks.power[40e46763-99a8-4cbc-aacc-0fba0c4f31db] received
[2024-04-18 19:12:25,637: INFO/ForkPoolWorker-1] Task tasks.power[40e46763-99a8-4cbc-aacc-0fba0c4f31db] succeeded in 0.0009267637506127357s: [383.04081632653055]
[2024-04-18 19:12:25,641: INFO/MainProcess] Task tasks.add[babeb2df-daac-4b66-9dd7-e2b429d3ef6f] received
[2024-04-18 19:12:25,643: INFO/ForkPoolWorker-1] Task tasks.add[babeb2df-daac-4b66-9dd7-e2b429d3ef6f] succeeded in 0.0011087702587246895s: 2063.7551020408164
[2024-04-18 19:12:25,648: INFO/MainProcess] Task tasks.add[373ed8a2-e01e-4a57-864e-e5d96c30673b] received
[2024-04-18 19:12:25,651: INFO/ForkPoolWorker-1] Task tasks.add[373ed8a2-e01e-4a57-864e-e5d96c30673b] succeeded in 0.0010489150881767273s: 3190.7959183673465
[2024-04-18 19:12:25,653: INFO/MainProcess] Task tasks.add[329bddf3-1094-46b6-af9a-0b81c062b152] received
[2024-04-18 19:12:25,655: INFO/ForkPoolWorker-1] Task tasks.add[329bddf3-1094-46b6-af9a-0b81c062b152] succeeded in 0.0010892171412706375s: 6859.69387755102
[2024-04-18 19:12:25,659: INFO/MainProcess] Task tasks.add[6dfc57e4-39a1-4bee-b9ae-aecdf9d57edd] received
[2024-04-18 19:12:25,662: INFO/ForkPoolWorker-1] Task tasks.add[6dfc57e4-39a1-4bee-b9ae-aecdf9d57edd] succeeded in 0.0011164946481585503s: 9302.877551020407
[2024-04-18 19:12:25,664: INFO/MainProcess] Task tasks.add[edf97ad3-54f6-4e5a-9fa0-a9ecb6846b40] received
[2024-04-18 19:12:25,666: INFO/ForkPoolWorker-1] Task tasks.add[edf97ad3-54f6-4e5a-9fa0-a9ecb6846b40] succeeded in 0.0007541133090853691s: 9642.489795918365
[2024-04-18 19:12:25,669: INFO/MainProcess] Task tasks.add[8c70571e-30c5-455e-ad20-186f6ad1ed9e] received
[2024-04-18 19:12:25,672: INFO/ForkPoolWorker-1] Task tasks.add[8c70571e-30c5-455e-ad20-186f6ad1ed9e] succeeded in 0.0009144935756921768s: 9642.673469387753
[2024-04-18 19:12:25,675: INFO/MainProcess] Task tasks.add[c88d1e55-9ecb-4481-8476-9f3444bc7082] received
[2024-04-18 19:12:25,676: INFO/ForkPoolWorker-1] Task tasks.add[c88d1e55-9ecb-4481-8476-9f3444bc7082] succeeded in 0.000813700258731842s: 10025.714285714284
[2024-04-18 19:12:25,680: INFO/MainProcess] Task tasks.divide[b64d9f55-beec-49c7-8855-ca1e2ea76ece] received
[2024-04-18 19:12:25,681: INFO/ForkPoolWorker-1] Task tasks.divide[b64d9f55-beec-49c7-8855-ca1e2ea76ece] succeeded in 0.0008099768310785294s: 1432.2448979591834
[2024-04-18 19:12:25,685: INFO/MainProcess] Task tasks.power[b229c09d-fef5-4aba-bb11-b252d3cf92be] received
[2024-04-18 19:12:25,687: INFO/ForkPoolWorker-1] Task tasks.power[b229c09d-fef5-4aba-bb11-b252d3cf92be] succeeded in 0.0007447758689522743s: [37.84501153334721]
[2024-04-18 19:14:18,611: WARNING/MainProcess] /home/ec2-user/blip_venv/lib64/python3.9/site-packages/celery/worker/consumer/consumer.py:508: CPendingDeprecationWarning: The broker_connection_retry configuration setting will no longer determine
whether broker connection retries are made during startup in Celery 6.0 and above.
If you wish to retain the existing behavior for retrying connections on startup,
you should set broker_connection_retry_on_startup to True.
  warnings.warn(

[2024-04-18 19:14:18,623: INFO/MainProcess] Connected to redis://localhost:6379/0
[2024-04-18 19:14:18,623: WARNING/MainProcess] /home/ec2-user/blip_venv/lib64/python3.9/site-packages/celery/worker/consumer/consumer.py:508: CPendingDeprecationWarning: The broker_connection_retry configuration setting will no longer determine
whether broker connection retries are made during startup in Celery 6.0 and above.
If you wish to retain the existing behavior for retrying connections on startup,
you should set broker_connection_retry_on_startup to True.
  warnings.warn(

[2024-04-18 19:14:18,626: INFO/MainProcess] mingle: searching for neighbors
[2024-04-18 19:14:19,635: INFO/MainProcess] mingle: all alone
[2024-04-18 19:14:19,649: INFO/MainProcess] celery@ip-10-0-15-46.eu-west-2.compute.internal ready.
[2024-04-18 19:14:24,261: INFO/MainProcess] Task tasks.mean[131a0cfb-c2f5-4483-b45a-7afc4d11c678] received
[2024-04-18 19:14:24,268: INFO/ForkPoolWorker-1] Task tasks.mean[131a0cfb-c2f5-4483-b45a-7afc4d11c678] succeeded in 0.0059282127767801285s: 77.42857142857143
[2024-04-18 19:14:24,271: INFO/MainProcess] Task tasks.diff_vect[8cf32ef5-17f1-4f79-9ed3-18738eab933e] received
[2024-04-18 19:14:24,273: INFO/ForkPoolWorker-1] Task tasks.diff_vect[8cf32ef5-17f1-4f79-9ed3-18738eab933e] succeeded in 0.0014339415356516838s: [-45.42857142857143, 33.57142857142857, 60.57142857142857, -49.42857142857143, -18.42857142857143, -0.4285714285714306, 19.57142857142857]
[2024-04-18 19:14:24,277: INFO/MainProcess] Task tasks.sq_vect[3e2f16a3-b39d-4a80-8635-8115ee55b06e] received
[2024-04-18 19:14:24,280: INFO/ForkPoolWorker-1] Task tasks.sq_vect[3e2f16a3-b39d-4a80-8635-8115ee55b06e] succeeded in 0.0018109837546944618s: [2063.7551020408164, 1127.0408163265304, 3668.8979591836733, 2443.183673469388, 339.6122448979593, 0.18367346938775683, 383.04081632653055]
[2024-04-18 19:14:24,283: INFO/MainProcess] Task tasks.mean[78cc052c-a7b3-4baa-873b-3f5b3b17d1d0] received
[2024-04-18 19:14:24,288: INFO/ForkPoolWorker-1] Task tasks.mean[78cc052c-a7b3-4baa-873b-3f5b3b17d1d0] succeeded in 0.003579334355890751s: 1432.2448979591834
[2024-04-18 19:14:24,289: INFO/MainProcess] Task tasks.power[3c3bb464-78ee-4f1c-80ec-c3bf71c8c8af] received
[2024-04-18 19:14:24,292: INFO/ForkPoolWorker-1] Task tasks.power[3c3bb464-78ee-4f1c-80ec-c3bf71c8c8af] succeeded in 0.0017895195633172989s: [37.84501153334721]
[2024-04-18 19:17:25,289: WARNING/MainProcess] /home/ec2-user/blip_venv/lib64/python3.9/site-packages/celery/worker/consumer/consumer.py:508: CPendingDeprecationWarning: The broker_connection_retry configuration setting will no longer determine
whether broker connection retries are made during startup in Celery 6.0 and above.
If you wish to retain the existing behavior for retrying connections on startup,
you should set broker_connection_retry_on_startup to True.
  warnings.warn(

[2024-04-18 19:17:25,301: INFO/MainProcess] Connected to redis://localhost:6379/0
[2024-04-18 19:17:25,302: WARNING/MainProcess] /home/ec2-user/blip_venv/lib64/python3.9/site-packages/celery/worker/consumer/consumer.py:508: CPendingDeprecationWarning: The broker_connection_retry configuration setting will no longer determine
whether broker connection retries are made during startup in Celery 6.0 and above.
If you wish to retain the existing behavior for retrying connections on startup,
you should set broker_connection_retry_on_startup to True.
  warnings.warn(

[2024-04-18 19:17:25,303: INFO/MainProcess] mingle: searching for neighbors
[2024-04-18 19:17:26,314: INFO/MainProcess] mingle: all alone
[2024-04-18 19:17:26,327: INFO/MainProcess] celery@ip-10-0-15-46.eu-west-2.compute.internal ready.
[2024-04-18 19:18:58,608: WARNING/MainProcess] /home/ec2-user/blip_venv/lib64/python3.9/site-packages/celery/worker/consumer/consumer.py:508: CPendingDeprecationWarning: The broker_connection_retry configuration setting will no longer determine
whether broker connection retries are made during startup in Celery 6.0 and above.
If you wish to retain the existing behavior for retrying connections on startup,
you should set broker_connection_retry_on_startup to True.
  warnings.warn(

[2024-04-18 19:18:58,634: INFO/MainProcess] Connected to redis://localhost:6379/0
[2024-04-18 19:18:58,636: WARNING/MainProcess] /home/ec2-user/blip_venv/lib64/python3.9/site-packages/celery/worker/consumer/consumer.py:508: CPendingDeprecationWarning: The broker_connection_retry configuration setting will no longer determine
whether broker connection retries are made during startup in Celery 6.0 and above.
If you wish to retain the existing behavior for retrying connections on startup,
you should set broker_connection_retry_on_startup to True.
  warnings.warn(

[2024-04-18 19:18:58,645: INFO/MainProcess] mingle: searching for neighbors
[2024-04-18 19:18:59,659: INFO/MainProcess] mingle: all alone
[2024-04-18 19:18:59,675: INFO/MainProcess] celery@ip-10-0-15-46.eu-west-2.compute.internal ready.
[2024-04-18 19:29:50,835: INFO/MainProcess] Task tasks.mean[d5aebdd1-f714-4434-93b8-c589f65bce71] received
[2024-04-18 19:29:50,849: INFO/MainProcess] Task tasks.diff_vect[b2acbf34-c3fc-4021-bcaf-46f2f6de3860] received
[2024-04-18 19:29:50,850: INFO/ForkPoolWorker-1] Task tasks.mean[d5aebdd1-f714-4434-93b8-c589f65bce71] succeeded in 0.013937409035861492s: [77.42857142857143]
[2024-04-18 19:29:50,851: WARNING/ForkPoolWorker-2] 77.42857142857143
[2024-04-18 19:29:50,874: INFO/MainProcess] Task tasks.sq_vect[663c28c2-8417-44a0-a8cb-a8c284b7bed7] received
[2024-04-18 19:29:50,875: INFO/ForkPoolWorker-2] Task tasks.diff_vect[b2acbf34-c3fc-4021-bcaf-46f2f6de3860] succeeded in 0.024441278539597988s: [0.0]
[2024-04-18 19:29:50,879: INFO/ForkPoolWorker-1] Task tasks.sq_vect[663c28c2-8417-44a0-a8cb-a8c284b7bed7] succeeded in 0.003409714438021183s: [0.0]
[2024-04-18 19:29:50,888: INFO/MainProcess] Task tasks.mean[afed2171-1114-4f7f-a4d2-03aab05d6e89] received
[2024-04-18 19:29:50,895: INFO/MainProcess] Task tasks.power[5ee95d9e-5669-45b7-9c71-254d344ac1bf] received
[2024-04-18 19:29:50,895: INFO/ForkPoolWorker-1] Task tasks.mean[afed2171-1114-4f7f-a4d2-03aab05d6e89] succeeded in 0.0030246227979660034s: [0.0]
[2024-04-18 19:29:50,896: INFO/ForkPoolWorker-1] Task tasks.power[5ee95d9e-5669-45b7-9c71-254d344ac1bf] succeeded in 0.00080900639295578s: 0.0
[2024-04-18 19:29:59,249: INFO/MainProcess] Task tasks.mean[229c67de-85fd-4919-bb10-d6799670ce45] received
[2024-04-18 19:29:59,255: INFO/MainProcess] Task tasks.diff_vect[9b3e878b-cbf4-4584-80e6-414177b7ec86] received
[2024-04-18 19:29:59,256: INFO/ForkPoolWorker-1] Task tasks.mean[229c67de-85fd-4919-bb10-d6799670ce45] succeeded in 0.004114523530006409s: [77.42857142857143]
[2024-04-18 19:29:59,258: WARNING/ForkPoolWorker-1] 77.42857142857143
[2024-04-18 19:29:59,261: INFO/ForkPoolWorker-1] Task tasks.diff_vect[9b3e878b-cbf4-4584-80e6-414177b7ec86] succeeded in 0.003620211035013199s: [0.0]
[2024-04-18 19:29:59,261: INFO/MainProcess] Task tasks.sq_vect[f919fddd-8e8e-49f6-898d-d21277b2a441] received
[2024-04-18 19:29:59,264: INFO/ForkPoolWorker-1] Task tasks.sq_vect[f919fddd-8e8e-49f6-898d-d21277b2a441] succeeded in 0.002152291126549244s: [0.0]
[2024-04-18 19:29:59,264: INFO/MainProcess] Task tasks.mean[ee77f183-ee38-46b8-bfe4-9dab4ec52105] received
[2024-04-18 19:29:59,268: INFO/ForkPoolWorker-1] Task tasks.mean[ee77f183-ee38-46b8-bfe4-9dab4ec52105] succeeded in 0.002752235159277916s: [0.0]
[2024-04-18 19:29:59,268: INFO/MainProcess] Task tasks.power[0404dbc9-c699-46a5-a8f1-e3b1aa39e370] received
[2024-04-18 19:29:59,271: ERROR/ForkPoolWorker-1] Task tasks.power[0404dbc9-c699-46a5-a8f1-e3b1aa39e370] raised unexpected: TypeError("unsupported operand type(s) for ** or pow(): 'float' and 'list'")
Traceback (most recent call last):
  File "/home/ec2-user/blip_venv/lib64/python3.9/site-packages/celery/app/trace.py", line 453, in trace_task
    R = retval = fun(*args, **kwargs)
  File "/home/ec2-user/blip_venv/lib64/python3.9/site-packages/celery/app/trace.py", line 736, in __protected_call__
    return self.run(*args, **kwargs)
  File "/home/ec2-user/COMP0239-CW/redis/tasks.py", line 26, in power
    return val ** y
TypeError: unsupported operand type(s) for ** or pow(): 'float' and 'list'
[2024-04-18 19:30:29,812: INFO/MainProcess] Task tasks.mean[73bede8e-f964-4190-924f-a66818fcf1ac] received
[2024-04-18 19:30:29,819: INFO/ForkPoolWorker-1] Task tasks.mean[73bede8e-f964-4190-924f-a66818fcf1ac] succeeded in 0.005071596242487431s: [77.42857142857143]
[2024-04-18 19:30:29,820: INFO/MainProcess] Task tasks.diff_vect[72ae2eba-0c61-4205-9c57-5d9e882c4878] received
[2024-04-18 19:30:29,821: WARNING/ForkPoolWorker-1] 77.42857142857143
[2024-04-18 19:30:29,824: INFO/ForkPoolWorker-1] Task tasks.diff_vect[72ae2eba-0c61-4205-9c57-5d9e882c4878] succeeded in 0.0031566480174660683s: [0.0]
[2024-04-18 19:30:29,824: INFO/MainProcess] Task tasks.sq_vect[12b49b84-9d24-4c69-aadf-ec5be530f256] received
[2024-04-18 19:30:29,829: INFO/MainProcess] Task tasks.mean[e8cc8a3f-12fd-4fe2-a76e-482c95d51ba4] received
[2024-04-18 19:30:29,833: INFO/ForkPoolWorker-1] Task tasks.sq_vect[12b49b84-9d24-4c69-aadf-ec5be530f256] succeeded in 0.007222793065011501s: [0.0]
[2024-04-18 19:30:29,836: INFO/ForkPoolWorker-2] Task tasks.mean[e8cc8a3f-12fd-4fe2-a76e-482c95d51ba4] succeeded in 0.005024835467338562s: [0.0]
[2024-04-18 19:30:29,838: INFO/MainProcess] Task tasks.power[bc0b6c4a-60d8-4060-b4ac-c867a863b2eb] received
[2024-04-18 19:30:29,840: INFO/ForkPoolWorker-1] Task tasks.power[bc0b6c4a-60d8-4060-b4ac-c867a863b2eb] succeeded in 0.0011088671162724495s: 0.0
[2024-04-18 19:30:40,394: INFO/MainProcess] Task tasks.mean[f2795b64-16da-4926-a4a7-8cbe58704428] received
[2024-04-18 19:30:40,398: INFO/ForkPoolWorker-1] Task tasks.mean[f2795b64-16da-4926-a4a7-8cbe58704428] succeeded in 0.0025584399700164795s: [77.42857142857143]
[2024-04-18 19:30:40,399: INFO/MainProcess] Task tasks.diff_vect[eaccd15e-155a-4881-afa3-e6bb799b2c50] received
[2024-04-18 19:30:40,400: WARNING/ForkPoolWorker-1] 77.42857142857143
[2024-04-18 19:30:40,402: INFO/ForkPoolWorker-1] Task tasks.diff_vect[eaccd15e-155a-4881-afa3-e6bb799b2c50] succeeded in 0.0024826684966683388s: [0.0]
[2024-04-18 19:30:40,402: INFO/MainProcess] Task tasks.sq_vect[f71495a9-e54a-4a75-8e24-1ca39871574e] received
[2024-04-18 19:30:40,405: INFO/ForkPoolWorker-1] Task tasks.sq_vect[f71495a9-e54a-4a75-8e24-1ca39871574e] succeeded in 0.002204672433435917s: [0.0]
[2024-04-18 19:30:40,405: INFO/MainProcess] Task tasks.mean[b7632b05-d307-456f-b10c-1a56ef08d3b1] received
[2024-04-18 19:30:40,407: INFO/ForkPoolWorker-1] Task tasks.mean[b7632b05-d307-456f-b10c-1a56ef08d3b1] succeeded in 0.0008442439138889313s: [0.0]
[2024-04-18 19:30:59,560: INFO/MainProcess] Task tasks.mean[681a63d9-d9f8-4805-adf2-ee933ffa8157] received
[2024-04-18 19:30:59,562: INFO/ForkPoolWorker-1] Task tasks.mean[681a63d9-d9f8-4805-adf2-ee933ffa8157] succeeded in 0.000987013801932335s: [77.42857142857143]
[2024-04-18 19:31:13,886: INFO/MainProcess] Task tasks.mean[24534536-4f10-484d-ad34-fa4ef6b8214e] received
[2024-04-18 19:31:13,889: INFO/ForkPoolWorker-1] Task tasks.mean[24534536-4f10-484d-ad34-fa4ef6b8214e] succeeded in 0.0022176597267389297s: [77.42857142857143]
[2024-04-18 19:31:13,889: INFO/MainProcess] Task tasks.diff_vect[2bc24165-1002-41da-aad3-7e7d9829c43f] received
[2024-04-18 19:31:13,890: WARNING/ForkPoolWorker-1] 77.42857142857143
[2024-04-18 19:31:13,891: INFO/ForkPoolWorker-1] Task tasks.diff_vect[2bc24165-1002-41da-aad3-7e7d9829c43f] succeeded in 0.0010337131097912788s: [0.0]
[2024-04-18 19:32:12,841: INFO/MainProcess] Task tasks.mean[b268536f-2576-4544-98a3-3a77b09222e4] received
[2024-04-18 19:32:12,845: INFO/MainProcess] Task tasks.diff_vect[b3aa0905-8e51-4626-aaeb-f02bb172d8ac] received
[2024-04-18 19:32:12,845: INFO/ForkPoolWorker-1] Task tasks.mean[b268536f-2576-4544-98a3-3a77b09222e4] succeeded in 0.0027795257046818733s: [77.42857142857143]
[2024-04-18 19:32:12,847: WARNING/ForkPoolWorker-1] 77.42857142857143
[2024-04-18 19:32:12,849: INFO/ForkPoolWorker-1] Task tasks.diff_vect[b3aa0905-8e51-4626-aaeb-f02bb172d8ac] succeeded in 0.0016784323379397392s: [0.0]
[2024-04-18 19:32:26,475: WARNING/MainProcess] /home/ec2-user/blip_venv/lib64/python3.9/site-packages/celery/worker/consumer/consumer.py:508: CPendingDeprecationWarning: The broker_connection_retry configuration setting will no longer determine
whether broker connection retries are made during startup in Celery 6.0 and above.
If you wish to retain the existing behavior for retrying connections on startup,
you should set broker_connection_retry_on_startup to True.
  warnings.warn(

[2024-04-18 19:32:26,485: INFO/MainProcess] Connected to redis://localhost:6379/0
[2024-04-18 19:32:26,486: WARNING/MainProcess] /home/ec2-user/blip_venv/lib64/python3.9/site-packages/celery/worker/consumer/consumer.py:508: CPendingDeprecationWarning: The broker_connection_retry configuration setting will no longer determine
whether broker connection retries are made during startup in Celery 6.0 and above.
If you wish to retain the existing behavior for retrying connections on startup,
you should set broker_connection_retry_on_startup to True.
  warnings.warn(

[2024-04-18 19:32:26,488: INFO/MainProcess] mingle: searching for neighbors
[2024-04-18 19:32:27,497: INFO/MainProcess] mingle: all alone
[2024-04-18 19:32:27,512: INFO/MainProcess] celery@ip-10-0-15-46.eu-west-2.compute.internal ready.
[2024-04-18 19:32:28,487: INFO/MainProcess] Task tasks.mean[55f66ee6-d416-4b39-bd72-b4bcc295304d] received
[2024-04-18 19:32:28,502: INFO/MainProcess] Task tasks.diff_vect[1ccdc095-06e3-4121-9d2f-9f38cac7fd77] received
[2024-04-18 19:32:28,503: INFO/ForkPoolWorker-1] Task tasks.mean[55f66ee6-d416-4b39-bd72-b4bcc295304d] succeeded in 0.014238775707781315s: [77.42857142857143]
[2024-04-18 19:32:28,503: WARNING/ForkPoolWorker-2] 32
[2024-04-18 19:32:28,504: WARNING/ForkPoolWorker-2] 111
[2024-04-18 19:32:28,504: WARNING/ForkPoolWorker-2] 138
[2024-04-18 19:32:28,504: WARNING/ForkPoolWorker-2] 28
[2024-04-18 19:32:28,504: WARNING/ForkPoolWorker-2] 59
[2024-04-18 19:32:28,504: WARNING/ForkPoolWorker-2] 77
[2024-04-18 19:32:28,504: WARNING/ForkPoolWorker-2] 97
[2024-04-18 19:32:28,511: INFO/ForkPoolWorker-2] Task tasks.diff_vect[1ccdc095-06e3-4121-9d2f-9f38cac7fd77] succeeded in 0.008169293403625488s: [-45.42857142857143, 33.57142857142857, 60.57142857142857, -49.42857142857143, -18.42857142857143, -0.4285714285714306, 19.57142857142857]
[2024-04-18 19:32:42,618: INFO/MainProcess] Task tasks.mean[63b035d2-0d4a-4cc5-b15b-a351a0d28909] received
[2024-04-18 19:32:42,622: INFO/ForkPoolWorker-1] Task tasks.mean[63b035d2-0d4a-4cc5-b15b-a351a0d28909] succeeded in 0.0031169867143034935s: [77.42857142857143]
[2024-04-18 19:32:42,623: INFO/MainProcess] Task tasks.diff_vect[9152f9ed-6a2b-4cec-92be-1731edf55405] received
[2024-04-18 19:32:42,625: WARNING/ForkPoolWorker-1] 32
[2024-04-18 19:32:42,625: WARNING/ForkPoolWorker-1] 111
[2024-04-18 19:32:42,625: WARNING/ForkPoolWorker-1] 138
[2024-04-18 19:32:42,625: WARNING/ForkPoolWorker-1] 28
[2024-04-18 19:32:42,626: WARNING/ForkPoolWorker-1] 59
[2024-04-18 19:32:42,626: WARNING/ForkPoolWorker-1] 77
[2024-04-18 19:32:42,626: WARNING/ForkPoolWorker-1] 97
[2024-04-18 19:32:42,630: INFO/ForkPoolWorker-1] Task tasks.diff_vect[9152f9ed-6a2b-4cec-92be-1731edf55405] succeeded in 0.0054580774158239365s: [-45.42857142857143, 33.57142857142857, 60.57142857142857, -49.42857142857143, -18.42857142857143, -0.4285714285714306, 19.57142857142857]
[2024-04-18 19:32:42,630: INFO/MainProcess] Task tasks.sq_vect[09c2cbb1-1286-42fe-8585-3ee4e41fd6d4] received
[2024-04-18 19:32:42,634: INFO/ForkPoolWorker-1] Task tasks.sq_vect[09c2cbb1-1286-42fe-8585-3ee4e41fd6d4] succeeded in 0.0021322211250662804s: [2063.7551020408164, 1127.0408163265304, 3668.8979591836733, 2443.183673469388, 339.6122448979593, 0.18367346938775683, 383.04081632653055]
[2024-04-18 19:32:50,372: INFO/MainProcess] Task tasks.mean[2ca48a99-f58f-47e2-92a2-ee06a4dd5d21] received
[2024-04-18 19:32:50,376: INFO/ForkPoolWorker-1] Task tasks.mean[2ca48a99-f58f-47e2-92a2-ee06a4dd5d21] succeeded in 0.0027572354301810265s: [77.42857142857143]
[2024-04-18 19:32:50,377: INFO/MainProcess] Task tasks.diff_vect[a1f03602-53b1-4a28-b0b7-4555e1cf0158] received
[2024-04-18 19:32:50,378: WARNING/ForkPoolWorker-1] 32
[2024-04-18 19:32:50,378: WARNING/ForkPoolWorker-1] 111
[2024-04-18 19:32:50,378: WARNING/ForkPoolWorker-1] 138
[2024-04-18 19:32:50,378: WARNING/ForkPoolWorker-1] 28
[2024-04-18 19:32:50,378: WARNING/ForkPoolWorker-1] 59
[2024-04-18 19:32:50,378: WARNING/ForkPoolWorker-1] 77
[2024-04-18 19:32:50,378: WARNING/ForkPoolWorker-1] 97
[2024-04-18 19:32:50,380: INFO/ForkPoolWorker-1] Task tasks.diff_vect[a1f03602-53b1-4a28-b0b7-4555e1cf0158] succeeded in 0.0027884487062692642s: [-45.42857142857143, 33.57142857142857, 60.57142857142857, -49.42857142857143, -18.42857142857143, -0.4285714285714306, 19.57142857142857]
[2024-04-18 19:32:50,380: INFO/MainProcess] Task tasks.sq_vect[794fd4e6-2926-443d-8fcf-89b73e15a59d] received
[2024-04-18 19:32:50,383: INFO/ForkPoolWorker-1] Task tasks.sq_vect[794fd4e6-2926-443d-8fcf-89b73e15a59d] succeeded in 0.00200689397752285s: [2063.7551020408164, 1127.0408163265304, 3668.8979591836733, 2443.183673469388, 339.6122448979593, 0.18367346938775683, 383.04081632653055]
[2024-04-18 19:32:50,383: INFO/MainProcess] Task tasks.mean[0aa35815-bd9c-4c50-a002-05f247630cc2] received
[2024-04-18 19:32:50,385: INFO/ForkPoolWorker-1] Task tasks.mean[0aa35815-bd9c-4c50-a002-05f247630cc2] succeeded in 0.0007351450622081757s: [1432.2448979591834]
[2024-04-18 19:33:01,564: INFO/MainProcess] Task tasks.mean[e768acac-178b-4e2a-904c-4ca1422a3744] received
[2024-04-18 19:33:01,570: INFO/ForkPoolWorker-1] Task tasks.mean[e768acac-178b-4e2a-904c-4ca1422a3744] succeeded in 0.004098848439753056s: [77.42857142857143]
[2024-04-18 19:33:01,570: INFO/MainProcess] Task tasks.diff_vect[8635758d-5a9c-4b8b-9ed2-4ea8ed9dc788] received
[2024-04-18 19:33:01,572: WARNING/ForkPoolWorker-1] 32
[2024-04-18 19:33:01,572: WARNING/ForkPoolWorker-1] 111
[2024-04-18 19:33:01,572: WARNING/ForkPoolWorker-1] 138
[2024-04-18 19:33:01,573: WARNING/ForkPoolWorker-1] 28
[2024-04-18 19:33:01,573: WARNING/ForkPoolWorker-1] 59
[2024-04-18 19:33:01,573: WARNING/ForkPoolWorker-1] 77
[2024-04-18 19:33:01,573: WARNING/ForkPoolWorker-1] 97
[2024-04-18 19:33:01,576: INFO/ForkPoolWorker-1] Task tasks.diff_vect[8635758d-5a9c-4b8b-9ed2-4ea8ed9dc788] succeeded in 0.0038440246134996414s: [-45.42857142857143, 33.57142857142857, 60.57142857142857, -49.42857142857143, -18.42857142857143, -0.4285714285714306, 19.57142857142857]
[2024-04-18 19:33:01,576: INFO/MainProcess] Task tasks.sq_vect[7c647245-0913-4237-88ba-23c73e153464] received
[2024-04-18 19:33:01,579: INFO/ForkPoolWorker-1] Task tasks.sq_vect[7c647245-0913-4237-88ba-23c73e153464] succeeded in 0.0026165051385760307s: [2063.7551020408164, 1127.0408163265304, 3668.8979591836733, 2443.183673469388, 339.6122448979593, 0.18367346938775683, 383.04081632653055]
[2024-04-18 19:33:01,579: INFO/MainProcess] Task tasks.mean[5c822c31-4893-44be-87c0-0078313d1f71] received
[2024-04-18 19:33:01,583: INFO/MainProcess] Task tasks.power[aed22aa0-3e40-4f89-938c-bd79ee41d7fb] received
[2024-04-18 19:33:01,583: INFO/ForkPoolWorker-1] Task tasks.mean[5c822c31-4893-44be-87c0-0078313d1f71] succeeded in 0.002543732523918152s: [1432.2448979591834]
[2024-04-18 19:33:01,585: INFO/ForkPoolWorker-1] Task tasks.power[aed22aa0-3e40-4f89-938c-bd79ee41d7fb] succeeded in 0.0008839424699544907s: 37.84501153334721
